#
# There is insufficient memory for the Java Runtime Environment to continue.
# Native memory allocation (malloc) failed to allocate 1962576 bytes for Chunk::new
# Possible reasons:
#   The system is out of physical RAM or swap space
#   The process is running with CompressedOops enabled, and the Java Heap may be blocking the growth of the native heap
# Possible solutions:
#   Reduce memory load on the system
#   Increase physical memory or swap space
#   Check if swap backing store is full
#   Decrease Java heap size (-Xmx/-Xms)
#   Decrease number of Java threads
#   Decrease Java thread stack sizes (-Xss)
#   Set larger code cache with -XX:ReservedCodeCacheSize=
#   JVM is running with Unscaled Compressed Oops mode in which the Java heap is
#     placed in the first 4GB address space. The Java Heap base address is the
#     maximum limit for the native heap growth. Please use -XX:HeapBaseMinAddress
#     to set the Java Heap base and to place the Java Heap above 4GB virtual address.
# This output file may be truncated or incomplete.
#
#  Out of Memory Error (./src/hotspot/share/memory/arena.cpp:197), pid=24064, tid=16900
#
# JRE version: OpenJDK Runtime Environment (11.0.13) (build 11.0.13+0-b1751.21-8125866)
# Java VM: OpenJDK 64-Bit Server VM (11.0.13+0-b1751.21-8125866, mixed mode, tiered, compressed oops, g1 gc, windows-amd64)
# No core dump will be written. Minidumps are not enabled by default on client versions of Windows
#

---------------  S U M M A R Y ------------

Command Line: --add-opens=java.base/java.util=ALL-UNNAMED --add-opens=java.base/java.lang=ALL-UNNAMED --add-opens=java.base/java.lang.invoke=ALL-UNNAMED --add-opens=java.base/java.util=ALL-UNNAMED --add-opens=java.prefs/java.util.prefs=ALL-UNNAMED --add-opens=java.prefs/java.util.prefs=ALL-UNNAMED --add-opens=java.base/java.nio.charset=ALL-UNNAMED --add-opens=java.base/java.net=ALL-UNNAMED --add-opens=java.base/java.util.concurrent.atomic=ALL-UNNAMED -Xmx2048m -Dfile.encoding=UTF-8 -Duser.country=419 -Duser.language=es -Duser.variant org.gradle.launcher.daemon.bootstrap.GradleDaemon 7.4

Host: Intel(R) Core(TM) i3-10100F CPU @ 3.60GHz, 8 cores, 15G,  Windows 10 , 64 bit Build 19041 (10.0.19041.3031)
Time: Sat Jul  8 02:45:50 2023 Hora est. Pacífico, Sudamérica elapsed time: 30.844066 seconds (0d 0h 0m 30s)

---------------  T H R E A D  ---------------

Current thread (0x0000026502347800):  JavaThread "C2 CompilerThread1" daemon [_thread_in_native, id=16900, stack(0x000000c92a500000,0x000000c92a600000)]


Current CompileTask:
C2:  30844 5760       4       java.net.URLClassLoader$1::run (5 bytes)

Stack: [0x000000c92a500000,0x000000c92a600000]
Native frames: (J=compiled Java code, j=interpreted, Vv=VM code, C=native code)
V  [jvm.dll+0x6100fa]
V  [jvm.dll+0x747090]
V  [jvm.dll+0x7486ad]
V  [jvm.dll+0x748d83]
V  [jvm.dll+0x24ab48]
V  [jvm.dll+0xc04dc]
V  [jvm.dll+0xc0a0c]
V  [jvm.dll+0x35eb5b]
V  [jvm.dll+0x19d7bc]
V  [jvm.dll+0x2033be]
V  [jvm.dll+0x202437]
V  [jvm.dll+0x188e01]
V  [jvm.dll+0x21106b]
V  [jvm.dll+0x20f8c1]
V  [jvm.dll+0x70de0f]
V  [jvm.dll+0x706a75]
V  [jvm.dll+0x60ed66]
C  [ucrtbase.dll+0x21bb2]
C  [KERNEL32.DLL+0x17614]
C  [ntdll.dll+0x526f1]


---------------  P R O C E S S  ---------------

Threads class SMR info:
_java_thread_list=0x0000026500bae0e0, length=123, elements={
0x0000026561f9e800, 0x000002657e43c000, 0x000002657ec72800, 0x000002657ecd2800,
0x000002657ecd4000, 0x000002657ecd6000, 0x000002657ece1000, 0x000002657ece5800,
0x000002657ece8800, 0x000002657ee4d800, 0x0000026501cad000, 0x000002657eed6800,
0x0000026501119000, 0x0000026500b63800, 0x000002650110f000, 0x0000026501923800,
0x000002657f81c800, 0x0000026500888000, 0x0000026500889000, 0x0000026500eed000,
0x00000265017ea000, 0x00000265017eb800, 0x00000265017e9000, 0x00000265017eb000,
0x0000026502262800, 0x0000026502266000, 0x0000026502263800, 0x0000026502264800,
0x0000026502265000, 0x0000026502260800, 0x0000026502261000, 0x0000026502267800,
0x000002650226c800, 0x000002650226e000, 0x000002650226a000, 0x000002650226b000,
0x0000026502268800, 0x000002650226d800, 0x000002650226f000, 0x0000026502269800,
0x0000026502727000, 0x0000026502728000, 0x000002650272b000, 0x0000026502725800,
0x0000026502728800, 0x0000026502729800, 0x000002650272a800, 0x000002650272c000,
0x0000026502726000, 0x000002657f256000, 0x000002657f259800, 0x000002657f257000,
0x000002657f258800, 0x000002657f253800, 0x000002657f258000, 0x000002657f25a000,
0x000002657f254800, 0x000002657f25b000, 0x000002657f255800, 0x000002657f25c000,
0x000002657f25d800, 0x000002657f25f000, 0x000002657f260000, 0x000002657f261000,
0x000002657f262800, 0x000002657f261800, 0x000002657f25e800, 0x000002657f25c800,
0x000002650170a000, 0x000002650170b000, 0x000002650170b800, 0x0000026501709000,
0x0000026501707800, 0x0000026501708800, 0x0000026501706000, 0x000002650170c800,
0x0000026501706800, 0x0000026501710800, 0x0000026501712000, 0x000002650170f000,
0x0000026501713000, 0x000002650170f800, 0x0000026501711800, 0x000002650170d800,
0x0000026501714000, 0x000002650170e000, 0x0000026501714800, 0x000002657f1c9800,
0x000002657f1ca000, 0x000002657f1c7000, 0x000002657f1cb000, 0x000002657f1c8800,
0x000002657f1c5000, 0x000002657f1c6000, 0x000002657f1cc800, 0x000002657f1cb800,
0x000002657f1cd800, 0x000002657f1c7800, 0x000002657f1cf000, 0x000002657f1d1800,
0x000002657f1d2000, 0x000002657f1d3000, 0x000002657f1d4000, 0x000002657f1ce000,
0x000002657f1d0000, 0x000002657f1d0800, 0x0000026504865800, 0x0000026504861800,
0x0000026504860800, 0x0000026504860000, 0x0000026504867000, 0x0000026504868000,
0x0000026504862800, 0x0000026504865000, 0x0000026504864000, 0x0000026504869000,
0x0000026504866800, 0x0000026504863000, 0x000002650486e000, 0x000002650486b800,
0x000002650486d000, 0x0000026502347800, 0x000002650486a800
}

Java Threads: ( => current thread )
  0x0000026561f9e800 JavaThread "main" [_thread_blocked, id=5076, stack(0x000000c921d00000,0x000000c921e00000)]
  0x000002657e43c000 JavaThread "Reference Handler" daemon [_thread_blocked, id=28588, stack(0x000000c922400000,0x000000c922500000)]
  0x000002657ec72800 JavaThread "Finalizer" daemon [_thread_blocked, id=27804, stack(0x000000c922500000,0x000000c922600000)]
  0x000002657ecd2800 JavaThread "Signal Dispatcher" daemon [_thread_blocked, id=31028, stack(0x000000c922600000,0x000000c922700000)]
  0x000002657ecd4000 JavaThread "Attach Listener" daemon [_thread_blocked, id=25292, stack(0x000000c922700000,0x000000c922800000)]
  0x000002657ecd6000 JavaThread "Service Thread" daemon [_thread_blocked, id=5244, stack(0x000000c922800000,0x000000c922900000)]
  0x000002657ece1000 JavaThread "C2 CompilerThread0" daemon [_thread_in_native, id=20344, stack(0x000000c922900000,0x000000c922a00000)]
  0x000002657ece5800 JavaThread "C1 CompilerThread0" daemon [_thread_blocked, id=30124, stack(0x000000c922a00000,0x000000c922b00000)]
  0x000002657ece8800 JavaThread "Sweeper thread" daemon [_thread_blocked, id=16508, stack(0x000000c922b00000,0x000000c922c00000)]
  0x000002657ee4d800 JavaThread "Common-Cleaner" daemon [_thread_blocked, id=13200, stack(0x000000c922c00000,0x000000c922d00000)]
  0x0000026501cad000 JavaThread "Daemon health stats" [_thread_blocked, id=14916, stack(0x000000c923500000,0x000000c923600000)]
  0x000002657eed6800 JavaThread "Incoming local TCP Connector on port 57701" [_thread_in_native, id=15284, stack(0x000000c922f00000,0x000000c923000000)]
  0x0000026501119000 JavaThread "Daemon periodic checks" [_thread_blocked, id=23416, stack(0x000000c923600000,0x000000c923700000)]
  0x0000026500b63800 JavaThread "Daemon" [_thread_blocked, id=31252, stack(0x000000c923700000,0x000000c923800000)]
  0x000002650110f000 JavaThread "Handler for socket connection from /127.0.0.1:57701 to /127.0.0.1:57702" [_thread_in_native, id=8796, stack(0x000000c923800000,0x000000c923900000)]
  0x0000026501923800 JavaThread "Cancel handler" [_thread_blocked, id=22384, stack(0x000000c923900000,0x000000c923a00000)]
  0x000002657f81c800 JavaThread "Daemon worker" [_thread_in_vm, id=23852, stack(0x000000c923a00000,0x000000c923b00000)]
  0x0000026500888000 JavaThread "Asynchronous log dispatcher for DefaultDaemonConnection: socket connection from /127.0.0.1:57701 to /127.0.0.1:57702" [_thread_blocked, id=19528, stack(0x000000c923b00000,0x000000c923c00000)]
  0x0000026500889000 JavaThread "Stdin handler" [_thread_blocked, id=29472, stack(0x000000c923c00000,0x000000c923d00000)]
  0x0000026500eed000 JavaThread "Daemon client event forwarder" [_thread_blocked, id=21164, stack(0x000000c923d00000,0x000000c923e00000)]
  0x00000265017ea000 JavaThread "Cache worker for journal cache (C:\Users\Gabriel\.gradle\caches\journal-1)" [_thread_blocked, id=3816, stack(0x000000c923e00000,0x000000c923f00000)]
  0x00000265017eb800 JavaThread "File lock request listener" [_thread_in_native, id=18012, stack(0x000000c923f00000,0x000000c924000000)]
  0x00000265017e9000 JavaThread "Cache worker for file hash cache (C:\Users\Gabriel\.gradle\caches\7.4\fileHashes)" [_thread_blocked, id=4648, stack(0x000000c924000000,0x000000c924100000)]
  0x00000265017eb000 JavaThread "File watcher server" daemon [_thread_in_native, id=26132, stack(0x000000c924400000,0x000000c924500000)]
  0x0000026502262800 JavaThread "File watcher consumer" daemon [_thread_blocked, id=17064, stack(0x000000c924500000,0x000000c924600000)]
  0x0000026502266000 JavaThread "Cache worker for checksums cache (F:\cursos\universidadC8\moviles\proyecto\front_movil\fisi_2023_1_tribucumbia_grupo_5_fem\.gradle\7.4\checksums)" [_thread_blocked, id=24724, stack(0x000000c924600000,0x000000c924700000)]
  0x0000026502263800 JavaThread "Cache worker for cache directory md-rule (C:\Users\Gabriel\.gradle\caches\7.4\md-rule)" [_thread_blocked, id=14804, stack(0x000000c924700000,0x000000c924800000)]
  0x0000026502264800 JavaThread "Cache worker for file hash cache (F:\cursos\universidadC8\moviles\proyecto\front_movil\fisi_2023_1_tribucumbia_grupo_5_fem\.gradle\7.4\fileHashes)" [_thread_blocked, id=28000, stack(0x000000c924800000,0x000000c924900000)]
  0x0000026502265000 JavaThread "Cache worker for cache directory md-supplier (C:\Users\Gabriel\.gradle\caches\7.4\md-supplier)" [_thread_blocked, id=21232, stack(0x000000c924900000,0x000000c924a00000)]
  0x0000026502260800 JavaThread "Cache worker for execution history cache (C:\Users\Gabriel\.gradle\caches\7.4\executionHistory)" [_thread_blocked, id=13572, stack(0x000000c924a00000,0x000000c924b00000)]
  0x0000026502261000 JavaThread "jar transforms" [_thread_blocked, id=10408, stack(0x000000c924c00000,0x000000c924d00000)]
  0x0000026502267800 JavaThread "Cache worker for file content cache (C:\Users\Gabriel\.gradle\caches\7.4\fileContent)" [_thread_blocked, id=24924, stack(0x000000c924d00000,0x000000c924e00000)]
  0x000002650226c800 JavaThread "jar transforms Thread 2" [_thread_blocked, id=4140, stack(0x000000c924b00000,0x000000c924c00000)]
  0x000002650226e000 JavaThread "Cache worker for dependencies-accessors (F:\cursos\universidadC8\moviles\proyecto\front_movil\fisi_2023_1_tribucumbia_grupo_5_fem\.gradle\7.4\dependencies-accessors)" [_thread_blocked, id=30744, stack(0x000000c924e00000,0x000000c924f00000)]
  0x000002650226a000 JavaThread "jar transforms Thread 3" [_thread_blocked, id=6408, stack(0x000000c924f00000,0x000000c925000000)]
  0x000002650226b000 JavaThread "Cache worker for Build Output Cleanup Cache (F:\cursos\universidadC8\moviles\proyecto\front_movil\fisi_2023_1_tribucumbia_grupo_5_fem\.gradle\buildOutputCleanup)" [_thread_blocked, id=29256, stack(0x000000c922e00000,0x000000c922f00000)]
  0x0000026502268800 JavaThread "Unconstrained build operations" [_thread_blocked, id=19672, stack(0x000000c925000000,0x000000c925100000)]
  0x000002650226d800 JavaThread "Unconstrained build operations Thread 2" [_thread_blocked, id=28188, stack(0x000000c925100000,0x000000c925200000)]
  0x000002650226f000 JavaThread "Unconstrained build operations Thread 3" [_thread_blocked, id=21988, stack(0x000000c925200000,0x000000c925300000)]
  0x0000026502269800 JavaThread "Unconstrained build operations Thread 4" [_thread_blocked, id=17284, stack(0x000000c925300000,0x000000c925400000)]
  0x0000026502727000 JavaThread "Unconstrained build operations Thread 5" [_thread_blocked, id=21200, stack(0x000000c925400000,0x000000c925500000)]
  0x0000026502728000 JavaThread "Unconstrained build operations Thread 6" [_thread_blocked, id=10916, stack(0x000000c925500000,0x000000c925600000)]
  0x000002650272b000 JavaThread "Unconstrained build operations Thread 7" [_thread_blocked, id=28832, stack(0x000000c925600000,0x000000c925700000)]
  0x0000026502725800 JavaThread "Unconstrained build operations Thread 8" [_thread_blocked, id=5728, stack(0x000000c925700000,0x000000c925800000)]
  0x0000026502728800 JavaThread "Unconstrained build operations Thread 9" [_thread_blocked, id=26292, stack(0x000000c925800000,0x000000c925900000)]
  0x0000026502729800 JavaThread "Unconstrained build operations Thread 10" [_thread_blocked, id=31336, stack(0x000000c925900000,0x000000c925a00000)]
  0x000002650272a800 JavaThread "Unconstrained build operations Thread 11" [_thread_blocked, id=3372, stack(0x000000c925a00000,0x000000c925b00000)]
  0x000002650272c000 JavaThread "Unconstrained build operations Thread 12" [_thread_blocked, id=22056, stack(0x000000c925b00000,0x000000c925c00000)]
  0x0000026502726000 JavaThread "Unconstrained build operations Thread 13" [_thread_blocked, id=21564, stack(0x000000c925c00000,0x000000c925d00000)]
  0x000002657f256000 JavaThread "Unconstrained build operations Thread 14" [_thread_blocked, id=25912, stack(0x000000c925d00000,0x000000c925e00000)]
  0x000002657f259800 JavaThread "Unconstrained build operations Thread 15" [_thread_blocked, id=13976, stack(0x000000c925e00000,0x000000c925f00000)]
  0x000002657f257000 JavaThread "Unconstrained build operations Thread 16" [_thread_blocked, id=27528, stack(0x000000c925f00000,0x000000c926000000)]
  0x000002657f258800 JavaThread "Unconstrained build operations Thread 17" [_thread_blocked, id=10680, stack(0x000000c926000000,0x000000c926100000)]
  0x000002657f253800 JavaThread "Unconstrained build operations Thread 18" [_thread_blocked, id=1824, stack(0x000000c926100000,0x000000c926200000)]
  0x000002657f258000 JavaThread "Unconstrained build operations Thread 19" [_thread_blocked, id=22772, stack(0x000000c926200000,0x000000c926300000)]
  0x000002657f25a000 JavaThread "Unconstrained build operations Thread 20" [_thread_blocked, id=8376, stack(0x000000c926300000,0x000000c926400000)]
  0x000002657f254800 JavaThread "Unconstrained build operations Thread 21" [_thread_blocked, id=19312, stack(0x000000c926400000,0x000000c926500000)]
  0x000002657f25b000 JavaThread "Unconstrained build operations Thread 22" [_thread_blocked, id=21780, stack(0x000000c926500000,0x000000c926600000)]
  0x000002657f255800 JavaThread "Unconstrained build operations Thread 23" [_thread_blocked, id=19724, stack(0x000000c926600000,0x000000c926700000)]
  0x000002657f25c000 JavaThread "Unconstrained build operations Thread 24" [_thread_blocked, id=20044, stack(0x000000c926700000,0x000000c926800000)]
  0x000002657f25d800 JavaThread "Unconstrained build operations Thread 25" [_thread_blocked, id=13928, stack(0x000000c926800000,0x000000c926900000)]
  0x000002657f25f000 JavaThread "Unconstrained build operations Thread 26" [_thread_blocked, id=21204, stack(0x000000c926900000,0x000000c926a00000)]
  0x000002657f260000 JavaThread "Unconstrained build operations Thread 27" [_thread_blocked, id=19952, stack(0x000000c926a00000,0x000000c926b00000)]
  0x000002657f261000 JavaThread "Unconstrained build operations Thread 28" [_thread_blocked, id=25732, stack(0x000000c926b00000,0x000000c926c00000)]
  0x000002657f262800 JavaThread "Unconstrained build operations Thread 29" [_thread_blocked, id=16484, stack(0x000000c926c00000,0x000000c926d00000)]
  0x000002657f261800 JavaThread "Unconstrained build operations Thread 30" [_thread_blocked, id=24432, stack(0x000000c926d00000,0x000000c926e00000)]
  0x000002657f25e800 JavaThread "Unconstrained build operations Thread 31" [_thread_blocked, id=27828, stack(0x000000c926e00000,0x000000c926f00000)]
  0x000002657f25c800 JavaThread "Unconstrained build operations Thread 32" [_thread_blocked, id=30528, stack(0x000000c926f00000,0x000000c927000000)]
  0x000002650170a000 JavaThread "Unconstrained build operations Thread 33" [_thread_blocked, id=12160, stack(0x000000c927000000,0x000000c927100000)]
  0x000002650170b000 JavaThread "Unconstrained build operations Thread 34" [_thread_blocked, id=28472, stack(0x000000c927100000,0x000000c927200000)]
  0x000002650170b800 JavaThread "Unconstrained build operations Thread 35" [_thread_blocked, id=24848, stack(0x000000c927200000,0x000000c927300000)]
  0x0000026501709000 JavaThread "Unconstrained build operations Thread 36" [_thread_blocked, id=6600, stack(0x000000c927300000,0x000000c927400000)]
  0x0000026501707800 JavaThread "Unconstrained build operations Thread 37" [_thread_blocked, id=20092, stack(0x000000c927400000,0x000000c927500000)]
  0x0000026501708800 JavaThread "Unconstrained build operations Thread 38" [_thread_blocked, id=1112, stack(0x000000c927500000,0x000000c927600000)]
  0x0000026501706000 JavaThread "Unconstrained build operations Thread 39" [_thread_blocked, id=19712, stack(0x000000c927600000,0x000000c927700000)]
  0x000002650170c800 JavaThread "Unconstrained build operations Thread 40" [_thread_blocked, id=5968, stack(0x000000c927700000,0x000000c927800000)]
  0x0000026501706800 JavaThread "Unconstrained build operations Thread 41" [_thread_blocked, id=18148, stack(0x000000c927800000,0x000000c927900000)]
  0x0000026501710800 JavaThread "Unconstrained build operations Thread 42" [_thread_blocked, id=16048, stack(0x000000c927900000,0x000000c927a00000)]
  0x0000026501712000 JavaThread "Unconstrained build operations Thread 43" [_thread_blocked, id=27972, stack(0x000000c927a00000,0x000000c927b00000)]
  0x000002650170f000 JavaThread "Unconstrained build operations Thread 44" [_thread_blocked, id=18640, stack(0x000000c927b00000,0x000000c927c00000)]
  0x0000026501713000 JavaThread "Unconstrained build operations Thread 45" [_thread_blocked, id=30820, stack(0x000000c927c00000,0x000000c927d00000)]
  0x000002650170f800 JavaThread "Unconstrained build operations Thread 46" [_thread_blocked, id=20252, stack(0x000000c927d00000,0x000000c927e00000)]
  0x0000026501711800 JavaThread "Unconstrained build operations Thread 47" [_thread_blocked, id=8384, stack(0x000000c927e00000,0x000000c927f00000)]
  0x000002650170d800 JavaThread "Unconstrained build operations Thread 48" [_thread_blocked, id=14112, stack(0x000000c927f00000,0x000000c928000000)]
  0x0000026501714000 JavaThread "Unconstrained build operations Thread 49" [_thread_blocked, id=28784, stack(0x000000c928000000,0x000000c928100000)]
  0x000002650170e000 JavaThread "Unconstrained build operations Thread 50" [_thread_blocked, id=22016, stack(0x000000c928100000,0x000000c928200000)]
  0x0000026501714800 JavaThread "Unconstrained build operations Thread 51" [_thread_blocked, id=1228, stack(0x000000c928200000,0x000000c928300000)]
  0x000002657f1c9800 JavaThread "Unconstrained build operations Thread 52" [_thread_blocked, id=29936, stack(0x000000c928300000,0x000000c928400000)]
  0x000002657f1ca000 JavaThread "Unconstrained build operations Thread 53" [_thread_blocked, id=19460, stack(0x000000c928400000,0x000000c928500000)]
  0x000002657f1c7000 JavaThread "Unconstrained build operations Thread 54" [_thread_blocked, id=7888, stack(0x000000c928500000,0x000000c928600000)]
  0x000002657f1cb000 JavaThread "Unconstrained build operations Thread 55" [_thread_blocked, id=22324, stack(0x000000c928600000,0x000000c928700000)]
  0x000002657f1c8800 JavaThread "Unconstrained build operations Thread 56" [_thread_blocked, id=22072, stack(0x000000c928700000,0x000000c928800000)]
  0x000002657f1c5000 JavaThread "Unconstrained build operations Thread 57" [_thread_blocked, id=12940, stack(0x000000c928800000,0x000000c928900000)]
  0x000002657f1c6000 JavaThread "Unconstrained build operations Thread 58" [_thread_blocked, id=20164, stack(0x000000c928900000,0x000000c928a00000)]
  0x000002657f1cc800 JavaThread "Unconstrained build operations Thread 59" [_thread_blocked, id=6148, stack(0x000000c928a00000,0x000000c928b00000)]
  0x000002657f1cb800 JavaThread "Unconstrained build operations Thread 60" [_thread_blocked, id=17424, stack(0x000000c928b00000,0x000000c928c00000)]
  0x000002657f1cd800 JavaThread "Unconstrained build operations Thread 61" [_thread_blocked, id=30988, stack(0x000000c928c00000,0x000000c928d00000)]
  0x000002657f1c7800 JavaThread "Unconstrained build operations Thread 62" [_thread_blocked, id=21668, stack(0x000000c928d00000,0x000000c928e00000)]
  0x000002657f1cf000 JavaThread "Unconstrained build operations Thread 63" [_thread_blocked, id=11024, stack(0x000000c928e00000,0x000000c928f00000)]
  0x000002657f1d1800 JavaThread "Unconstrained build operations Thread 64" [_thread_blocked, id=26604, stack(0x000000c928f00000,0x000000c929000000)]
  0x000002657f1d2000 JavaThread "Unconstrained build operations Thread 65" [_thread_blocked, id=14952, stack(0x000000c929000000,0x000000c929100000)]
  0x000002657f1d3000 JavaThread "Unconstrained build operations Thread 66" [_thread_blocked, id=14384, stack(0x000000c929100000,0x000000c929200000)]
  0x000002657f1d4000 JavaThread "Unconstrained build operations Thread 67" [_thread_blocked, id=16072, stack(0x000000c929200000,0x000000c929300000)]
  0x000002657f1ce000 JavaThread "Unconstrained build operations Thread 68" [_thread_blocked, id=28316, stack(0x000000c929300000,0x000000c929400000)]
  0x000002657f1d0000 JavaThread "Unconstrained build operations Thread 69" [_thread_blocked, id=31268, stack(0x000000c929400000,0x000000c929500000)]
  0x000002657f1d0800 JavaThread "Unconstrained build operations Thread 70" [_thread_blocked, id=31700, stack(0x000000c929500000,0x000000c929600000)]
  0x0000026504865800 JavaThread "Unconstrained build operations Thread 71" [_thread_blocked, id=11268, stack(0x000000c929600000,0x000000c929700000)]
  0x0000026504861800 JavaThread "Unconstrained build operations Thread 72" [_thread_blocked, id=17148, stack(0x000000c929700000,0x000000c929800000)]
  0x0000026504860800 JavaThread "Unconstrained build operations Thread 73" [_thread_blocked, id=2728, stack(0x000000c929800000,0x000000c929900000)]
  0x0000026504860000 JavaThread "Unconstrained build operations Thread 74" [_thread_blocked, id=8736, stack(0x000000c929900000,0x000000c929a00000)]
  0x0000026504867000 JavaThread "Unconstrained build operations Thread 75" [_thread_blocked, id=11140, stack(0x000000c929a00000,0x000000c929b00000)]
  0x0000026504868000 JavaThread "Unconstrained build operations Thread 76" [_thread_blocked, id=4276, stack(0x000000c929b00000,0x000000c929c00000)]
  0x0000026504862800 JavaThread "Unconstrained build operations Thread 77" [_thread_blocked, id=12216, stack(0x000000c929c00000,0x000000c929d00000)]
  0x0000026504865000 JavaThread "Unconstrained build operations Thread 78" [_thread_blocked, id=16608, stack(0x000000c929d00000,0x000000c929e00000)]
  0x0000026504864000 JavaThread "Unconstrained build operations Thread 79" [_thread_blocked, id=8436, stack(0x000000c929e00000,0x000000c929f00000)]
  0x0000026504869000 JavaThread "Unconstrained build operations Thread 80" [_thread_blocked, id=12968, stack(0x000000c929f00000,0x000000c92a000000)]
  0x0000026504866800 JavaThread "jar transforms Thread 4" [_thread_blocked, id=5632, stack(0x000000c92a000000,0x000000c92a100000)]
  0x0000026504863000 JavaThread "jar transforms Thread 5" [_thread_blocked, id=13020, stack(0x000000c92a100000,0x000000c92a200000)]
  0x000002650486e000 JavaThread "jar transforms Thread 6" [_thread_blocked, id=3356, stack(0x000000c92a200000,0x000000c92a300000)]
  0x000002650486b800 JavaThread "jar transforms Thread 7" [_thread_blocked, id=6172, stack(0x000000c92a300000,0x000000c92a400000)]
  0x000002650486d000 JavaThread "jar transforms Thread 8" [_thread_blocked, id=12228, stack(0x000000c92a400000,0x000000c92a500000)]
=>0x0000026502347800 JavaThread "C2 CompilerThread1" daemon [_thread_in_native, id=16900, stack(0x000000c92a500000,0x000000c92a600000)]
  0x000002650486a800 JavaThread "Memory manager" [_thread_blocked, id=27320, stack(0x000000c92a600000,0x000000c92a700000)]

Other Threads:
  0x000002657e439800 VMThread "VM Thread" [stack: 0x000000c922300000,0x000000c922400000] [id=21904]
  0x000002657ee76800 WatcherThread [stack: 0x000000c922d00000,0x000000c922e00000] [id=20928]
  0x0000026561fb8000 GCTaskThread "GC Thread#0" [stack: 0x000000c921e00000,0x000000c921f00000] [id=29896]
  0x0000026500397000 GCTaskThread "GC Thread#1" [stack: 0x000000c923000000,0x000000c923100000] [id=23204]
  0x0000026500750800 GCTaskThread "GC Thread#2" [stack: 0x000000c923100000,0x000000c923200000] [id=23556]
  0x0000026500503800 GCTaskThread "GC Thread#3" [stack: 0x000000c923200000,0x000000c923300000] [id=5220]
  0x0000026500504800 GCTaskThread "GC Thread#4" [stack: 0x000000c923300000,0x000000c923400000] [id=24448]
  0x000002650045c800 GCTaskThread "GC Thread#5" [stack: 0x000000c923400000,0x000000c923500000] [id=20244]
  0x0000026501db6000 GCTaskThread "GC Thread#6" [stack: 0x000000c924100000,0x000000c924200000] [id=21924]
  0x0000026500b4e800 GCTaskThread "GC Thread#7" [stack: 0x000000c924200000,0x000000c924300000] [id=8284]
  0x0000026561fea800 ConcurrentGCThread "G1 Main Marker" [stack: 0x000000c921f00000,0x000000c922000000] [id=31244]
  0x0000026561fed000 ConcurrentGCThread "G1 Conc#0" [stack: 0x000000c922000000,0x000000c922100000] [id=25324]
  0x0000026500fb2800 ConcurrentGCThread "G1 Conc#1" [stack: 0x000000c924300000,0x000000c924400000] [id=21612]
  0x000002656207e800 ConcurrentGCThread "G1 Refine#0" [stack: 0x000000c922100000,0x000000c922200000] [id=8980]
  0x000002657e2ba800 ConcurrentGCThread "G1 Young RemSet Sampling" [stack: 0x000000c922200000,0x000000c922300000] [id=16044]

Threads with active compile tasks:
C2 CompilerThread0  33588 5880   !   4       com.google.common.reflect.TypeVisitor::visit (244 bytes)
C2 CompilerThread1  33588 5760       4       java.net.URLClassLoader$1::run (5 bytes)

VM state:not at safepoint (normal execution)

VM Mutex/Monitor currently owned by a thread: None

Heap address: 0x0000000080000000, size: 2048 MB, Compressed Oops mode: 32-bit
Narrow klass base: 0x0000000000000000, Narrow klass shift: 3
Compressed class space size: 1073741824 Address: 0x0000000100000000

Heap:
 garbage-first heap   total 262144K, used 131197K [0x0000000080000000, 0x0000000100000000)
  region size 1024K, 81 young (82944K), 11 survivors (11264K)
 Metaspace       used 74806K, capacity 76418K, committed 76496K, reserved 1116160K
  class space    used 9606K, capacity 10215K, committed 10272K, reserved 1048576K
Heap Regions: E=young(eden), S=young(survivor), O=old, HS=humongous(starts), HC=humongous(continues), CS=collection set, F=free, A=archive, TAMS=top-at-mark-start (previous, next)
|   0|0x0000000080000000, 0x0000000080100000, 0x0000000080100000|100%| O|  |TAMS 0x0000000080100000, 0x0000000080000000| Untracked 
|   1|0x0000000080100000, 0x0000000080200000, 0x0000000080200000|100%| O|  |TAMS 0x0000000080200000, 0x0000000080100000| Untracked 
|   2|0x0000000080200000, 0x0000000080300000, 0x0000000080300000|100%| O|  |TAMS 0x0000000080300000, 0x0000000080200000| Untracked 
|   3|0x0000000080300000, 0x0000000080400000, 0x0000000080400000|100%|HS|  |TAMS 0x0000000080400000, 0x0000000080300000| Complete 
|   4|0x0000000080400000, 0x0000000080500000, 0x0000000080500000|100%|HC|  |TAMS 0x0000000080500000, 0x0000000080400000| Complete 
|   5|0x0000000080500000, 0x0000000080600000, 0x0000000080600000|100%|HC|  |TAMS 0x0000000080600000, 0x0000000080500000| Complete 
|   6|0x0000000080600000, 0x0000000080700000, 0x0000000080700000|100%| O|  |TAMS 0x0000000080700000, 0x0000000080600000| Untracked 
|   7|0x0000000080700000, 0x0000000080800000, 0x0000000080800000|100%| O|  |TAMS 0x0000000080800000, 0x0000000080700000| Untracked 
|   8|0x0000000080800000, 0x0000000080900000, 0x0000000080900000|100%| O|  |TAMS 0x0000000080900000, 0x0000000080800000| Untracked 
|   9|0x0000000080900000, 0x0000000080a00000, 0x0000000080a00000|100%| O|  |TAMS 0x0000000080a00000, 0x0000000080900000| Untracked 
|  10|0x0000000080a00000, 0x0000000080b00000, 0x0000000080b00000|100%| O|  |TAMS 0x0000000080b00000, 0x0000000080a00000| Untracked 
|  11|0x0000000080b00000, 0x0000000080c00000, 0x0000000080c00000|100%| O|  |TAMS 0x0000000080c00000, 0x0000000080b00000| Untracked 
|  12|0x0000000080c00000, 0x0000000080d00000, 0x0000000080d00000|100%| O|  |TAMS 0x0000000080d00000, 0x0000000080c00000| Untracked 
|  13|0x0000000080d00000, 0x0000000080e00000, 0x0000000080e00000|100%| O|  |TAMS 0x0000000080e00000, 0x0000000080d00000| Untracked 
|  14|0x0000000080e00000, 0x0000000080f00000, 0x0000000080f00000|100%| O|  |TAMS 0x0000000080f00000, 0x0000000080e00000| Untracked 
|  15|0x0000000080f00000, 0x0000000081000000, 0x0000000081000000|100%| O|  |TAMS 0x0000000081000000, 0x0000000080f00000| Untracked 
|  16|0x0000000081000000, 0x0000000081100000, 0x0000000081100000|100%| O|  |TAMS 0x0000000081100000, 0x0000000081000000| Untracked 
|  17|0x0000000081100000, 0x0000000081200000, 0x0000000081200000|100%|HS|  |TAMS 0x0000000081200000, 0x0000000081100000| Complete 
|  18|0x0000000081200000, 0x0000000081300000, 0x0000000081300000|100%|HS|  |TAMS 0x0000000081300000, 0x0000000081200000| Complete 
|  19|0x0000000081300000, 0x0000000081400000, 0x0000000081400000|100%|HS|  |TAMS 0x0000000081400000, 0x0000000081300000| Complete 
|  20|0x0000000081400000, 0x0000000081500000, 0x0000000081500000|100%|HS|  |TAMS 0x0000000081500000, 0x0000000081400000| Complete 
|  21|0x0000000081500000, 0x0000000081600000, 0x0000000081600000|100%|HC|  |TAMS 0x0000000081600000, 0x0000000081500000| Complete 
|  22|0x0000000081600000, 0x0000000081700000, 0x0000000081700000|100%|HC|  |TAMS 0x0000000081700000, 0x0000000081600000| Complete 
|  23|0x0000000081700000, 0x0000000081800000, 0x0000000081800000|100%|HC|  |TAMS 0x0000000081800000, 0x0000000081700000| Complete 
|  24|0x0000000081800000, 0x0000000081900000, 0x0000000081900000|100%| O|  |TAMS 0x0000000081900000, 0x0000000081800000| Untracked 
|  25|0x0000000081900000, 0x0000000081a00000, 0x0000000081a00000|100%|HS|  |TAMS 0x0000000081a00000, 0x0000000081900000| Complete 
|  26|0x0000000081a00000, 0x0000000081b00000, 0x0000000081b00000|100%|HC|  |TAMS 0x0000000081b00000, 0x0000000081a00000| Complete 
|  27|0x0000000081b00000, 0x0000000081c00000, 0x0000000081c00000|100%| O|  |TAMS 0x0000000081c00000, 0x0000000081b00000| Untracked 
|  28|0x0000000081c00000, 0x0000000081d00000, 0x0000000081d00000|100%| O|  |TAMS 0x0000000081d00000, 0x0000000081c00000| Untracked 
|  29|0x0000000081d00000, 0x0000000081e00000, 0x0000000081e00000|100%| O|  |TAMS 0x0000000081e00000, 0x0000000081d00000| Untracked 
|  30|0x0000000081e00000, 0x0000000081f00000, 0x0000000081f00000|100%| O|  |TAMS 0x0000000081f00000, 0x0000000081e00000| Untracked 
|  31|0x0000000081f00000, 0x0000000082000000, 0x0000000082000000|100%| O|  |TAMS 0x0000000082000000, 0x0000000081f00000| Untracked 
|  32|0x0000000082000000, 0x0000000082100000, 0x0000000082100000|100%| O|  |TAMS 0x0000000082100000, 0x0000000082000000| Untracked 
|  33|0x0000000082100000, 0x0000000082200000, 0x0000000082200000|100%| O|  |TAMS 0x0000000082200000, 0x0000000082100000| Untracked 
|  34|0x0000000082200000, 0x0000000082300000, 0x0000000082300000|100%| O|  |TAMS 0x0000000082300000, 0x0000000082200000| Untracked 
|  35|0x0000000082300000, 0x0000000082400000, 0x0000000082400000|100%| O|  |TAMS 0x0000000082400000, 0x0000000082300000| Untracked 
|  36|0x0000000082400000, 0x0000000082500000, 0x0000000082500000|100%| O|  |TAMS 0x0000000082500000, 0x0000000082400000| Untracked 
|  37|0x0000000082500000, 0x0000000082600000, 0x0000000082600000|100%| O|  |TAMS 0x0000000082600000, 0x0000000082500000| Untracked 
|  38|0x0000000082600000, 0x0000000082700000, 0x0000000082700000|100%| O|  |TAMS 0x0000000082700000, 0x0000000082600000| Untracked 
|  39|0x0000000082700000, 0x0000000082800000, 0x0000000082800000|100%| O|  |TAMS 0x0000000082800000, 0x0000000082700000| Untracked 
|  40|0x0000000082800000, 0x0000000082900000, 0x0000000082900000|100%| O|  |TAMS 0x0000000082900000, 0x0000000082800000| Untracked 
|  41|0x0000000082900000, 0x0000000082a00000, 0x0000000082a00000|100%| O|  |TAMS 0x0000000082a00000, 0x0000000082900000| Untracked 
|  42|0x0000000082a00000, 0x0000000082b00000, 0x0000000082b00000|100%| O|  |TAMS 0x0000000082b00000, 0x0000000082a00000| Untracked 
|  43|0x0000000082b00000, 0x0000000082c00000, 0x0000000082c00000|100%| O|  |TAMS 0x0000000082c00000, 0x0000000082b00000| Untracked 
|  44|0x0000000082c00000, 0x0000000082d00000, 0x0000000082d00000|100%| O|  |TAMS 0x0000000082d00000, 0x0000000082c00000| Untracked 
|  45|0x0000000082d00000, 0x0000000082e00000, 0x0000000082e00000|100%| O|  |TAMS 0x0000000082e00000, 0x0000000082d00000| Untracked 
|  46|0x0000000082e00000, 0x0000000082f00000, 0x0000000082f00000|100%| O|  |TAMS 0x0000000082f00000, 0x0000000082e00000| Untracked 
|  47|0x0000000082f00000, 0x0000000083000000, 0x0000000083000000|100%| O|  |TAMS 0x0000000083000000, 0x0000000082f00000| Untracked 
|  48|0x0000000083000000, 0x0000000083048800, 0x0000000083100000| 28%| O|  |TAMS 0x0000000083048800, 0x0000000083000000| Untracked 
|  49|0x0000000083100000, 0x0000000083100000, 0x0000000083200000|  0%| F|  |TAMS 0x0000000083100000, 0x0000000083100000| Untracked 
|  50|0x0000000083200000, 0x0000000083200000, 0x0000000083300000|  0%| F|  |TAMS 0x0000000083200000, 0x0000000083200000| Untracked 
|  51|0x0000000083300000, 0x0000000083300000, 0x0000000083400000|  0%| F|  |TAMS 0x0000000083300000, 0x0000000083300000| Untracked 
|  52|0x0000000083400000, 0x0000000083400000, 0x0000000083500000|  0%| F|  |TAMS 0x0000000083400000, 0x0000000083400000| Untracked 
|  53|0x0000000083500000, 0x0000000083500000, 0x0000000083600000|  0%| F|  |TAMS 0x0000000083500000, 0x0000000083500000| Untracked 
|  54|0x0000000083600000, 0x0000000083600000, 0x0000000083700000|  0%| F|  |TAMS 0x0000000083600000, 0x0000000083600000| Untracked 
|  55|0x0000000083700000, 0x0000000083700000, 0x0000000083800000|  0%| F|  |TAMS 0x0000000083700000, 0x0000000083700000| Untracked 
|  56|0x0000000083800000, 0x0000000083800000, 0x0000000083900000|  0%| F|  |TAMS 0x0000000083800000, 0x0000000083800000| Untracked 
|  57|0x0000000083900000, 0x0000000083900000, 0x0000000083a00000|  0%| F|  |TAMS 0x0000000083900000, 0x0000000083900000| Untracked 
|  58|0x0000000083a00000, 0x0000000083a00000, 0x0000000083b00000|  0%| F|  |TAMS 0x0000000083a00000, 0x0000000083a00000| Untracked 
|  59|0x0000000083b00000, 0x0000000083b00000, 0x0000000083c00000|  0%| F|  |TAMS 0x0000000083b00000, 0x0000000083b00000| Untracked 
|  60|0x0000000083c00000, 0x0000000083c00000, 0x0000000083d00000|  0%| F|  |TAMS 0x0000000083c00000, 0x0000000083c00000| Untracked 
|  61|0x0000000083d00000, 0x0000000083d00000, 0x0000000083e00000|  0%| F|  |TAMS 0x0000000083d00000, 0x0000000083d00000| Untracked 
|  62|0x0000000083e00000, 0x0000000083e00000, 0x0000000083f00000|  0%| F|  |TAMS 0x0000000083e00000, 0x0000000083e00000| Untracked 
|  63|0x0000000083f00000, 0x0000000083f00000, 0x0000000084000000|  0%| F|  |TAMS 0x0000000083f00000, 0x0000000083f00000| Untracked 
|  64|0x0000000084000000, 0x0000000084000000, 0x0000000084100000|  0%| F|  |TAMS 0x0000000084000000, 0x0000000084000000| Untracked 
|  65|0x0000000084100000, 0x0000000084100000, 0x0000000084200000|  0%| F|  |TAMS 0x0000000084100000, 0x0000000084100000| Untracked 
|  66|0x0000000084200000, 0x0000000084200000, 0x0000000084300000|  0%| F|  |TAMS 0x0000000084200000, 0x0000000084200000| Untracked 
|  67|0x0000000084300000, 0x0000000084300000, 0x0000000084400000|  0%| F|  |TAMS 0x0000000084300000, 0x0000000084300000| Untracked 
|  68|0x0000000084400000, 0x0000000084400000, 0x0000000084500000|  0%| F|  |TAMS 0x0000000084400000, 0x0000000084400000| Untracked 
|  69|0x0000000084500000, 0x0000000084500000, 0x0000000084600000|  0%| F|  |TAMS 0x0000000084500000, 0x0000000084500000| Untracked 
|  70|0x0000000084600000, 0x0000000084600000, 0x0000000084700000|  0%| F|  |TAMS 0x0000000084600000, 0x0000000084600000| Untracked 
|  71|0x0000000084700000, 0x0000000084700000, 0x0000000084800000|  0%| F|  |TAMS 0x0000000084700000, 0x0000000084700000| Untracked 
|  72|0x0000000084800000, 0x0000000084800000, 0x0000000084900000|  0%| F|  |TAMS 0x0000000084800000, 0x0000000084800000| Untracked 
|  73|0x0000000084900000, 0x0000000084900000, 0x0000000084a00000|  0%| F|  |TAMS 0x0000000084900000, 0x0000000084900000| Untracked 
|  74|0x0000000084a00000, 0x0000000084a00000, 0x0000000084b00000|  0%| F|  |TAMS 0x0000000084a00000, 0x0000000084a00000| Untracked 
|  75|0x0000000084b00000, 0x0000000084b00000, 0x0000000084c00000|  0%| F|  |TAMS 0x0000000084b00000, 0x0000000084b00000| Untracked 
|  76|0x0000000084c00000, 0x0000000084c00000, 0x0000000084d00000|  0%| F|  |TAMS 0x0000000084c00000, 0x0000000084c00000| Untracked 
|  77|0x0000000084d00000, 0x0000000084d00000, 0x0000000084e00000|  0%| F|  |TAMS 0x0000000084d00000, 0x0000000084d00000| Untracked 
|  78|0x0000000084e00000, 0x0000000084e00000, 0x0000000084f00000|  0%| F|  |TAMS 0x0000000084e00000, 0x0000000084e00000| Untracked 
|  79|0x0000000084f00000, 0x0000000084f00000, 0x0000000085000000|  0%| F|  |TAMS 0x0000000084f00000, 0x0000000084f00000| Untracked 
|  80|0x0000000085000000, 0x0000000085000000, 0x0000000085100000|  0%| F|  |TAMS 0x0000000085000000, 0x0000000085000000| Untracked 
|  81|0x0000000085100000, 0x0000000085100000, 0x0000000085200000|  0%| F|  |TAMS 0x0000000085100000, 0x0000000085100000| Untracked 
|  82|0x0000000085200000, 0x0000000085200000, 0x0000000085300000|  0%| F|  |TAMS 0x0000000085200000, 0x0000000085200000| Untracked 
|  83|0x0000000085300000, 0x0000000085300000, 0x0000000085400000|  0%| F|  |TAMS 0x0000000085300000, 0x0000000085300000| Untracked 
|  84|0x0000000085400000, 0x0000000085400000, 0x0000000085500000|  0%| F|  |TAMS 0x0000000085400000, 0x0000000085400000| Untracked 
|  85|0x0000000085500000, 0x0000000085500000, 0x0000000085600000|  0%| F|  |TAMS 0x0000000085500000, 0x0000000085500000| Untracked 
|  86|0x0000000085600000, 0x0000000085600000, 0x0000000085700000|  0%| F|  |TAMS 0x0000000085600000, 0x0000000085600000| Untracked 
|  87|0x0000000085700000, 0x0000000085700000, 0x0000000085800000|  0%| F|  |TAMS 0x0000000085700000, 0x0000000085700000| Untracked 
|  88|0x0000000085800000, 0x0000000085800000, 0x0000000085900000|  0%| F|  |TAMS 0x0000000085800000, 0x0000000085800000| Untracked 
|  89|0x0000000085900000, 0x0000000085900000, 0x0000000085a00000|  0%| F|  |TAMS 0x0000000085900000, 0x0000000085900000| Untracked 
|  90|0x0000000085a00000, 0x0000000085a00000, 0x0000000085b00000|  0%| F|  |TAMS 0x0000000085a00000, 0x0000000085a00000| Untracked 
|  91|0x0000000085b00000, 0x0000000085b00000, 0x0000000085c00000|  0%| F|  |TAMS 0x0000000085b00000, 0x0000000085b00000| Untracked 
|  92|0x0000000085c00000, 0x0000000085c00000, 0x0000000085d00000|  0%| F|  |TAMS 0x0000000085c00000, 0x0000000085c00000| Untracked 
|  93|0x0000000085d00000, 0x0000000085d00000, 0x0000000085e00000|  0%| F|  |TAMS 0x0000000085d00000, 0x0000000085d00000| Untracked 
|  94|0x0000000085e00000, 0x0000000085e00000, 0x0000000085f00000|  0%| F|  |TAMS 0x0000000085e00000, 0x0000000085e00000| Untracked 
|  95|0x0000000085f00000, 0x0000000085f00000, 0x0000000086000000|  0%| F|  |TAMS 0x0000000085f00000, 0x0000000085f00000| Untracked 
|  96|0x0000000086000000, 0x0000000086000000, 0x0000000086100000|  0%| F|  |TAMS 0x0000000086000000, 0x0000000086000000| Untracked 
|  97|0x0000000086100000, 0x0000000086100000, 0x0000000086200000|  0%| F|  |TAMS 0x0000000086100000, 0x0000000086100000| Untracked 
|  98|0x0000000086200000, 0x0000000086200000, 0x0000000086300000|  0%| F|  |TAMS 0x0000000086200000, 0x0000000086200000| Untracked 
|  99|0x0000000086300000, 0x0000000086300000, 0x0000000086400000|  0%| F|  |TAMS 0x0000000086300000, 0x0000000086300000| Untracked 
| 100|0x0000000086400000, 0x0000000086400000, 0x0000000086500000|  0%| F|  |TAMS 0x0000000086400000, 0x0000000086400000| Untracked 
| 101|0x0000000086500000, 0x0000000086500000, 0x0000000086600000|  0%| F|  |TAMS 0x0000000086500000, 0x0000000086500000| Untracked 
| 102|0x0000000086600000, 0x0000000086600000, 0x0000000086700000|  0%| F|  |TAMS 0x0000000086600000, 0x0000000086600000| Untracked 
| 103|0x0000000086700000, 0x0000000086700000, 0x0000000086800000|  0%| F|  |TAMS 0x0000000086700000, 0x0000000086700000| Untracked 
| 104|0x0000000086800000, 0x00000000868d6f20, 0x0000000086900000| 83%| S|CS|TAMS 0x0000000086800000, 0x0000000086800000| Complete 
| 105|0x0000000086900000, 0x0000000086a00000, 0x0000000086a00000|100%| S|CS|TAMS 0x0000000086900000, 0x0000000086900000| Complete 
| 106|0x0000000086a00000, 0x0000000086b00000, 0x0000000086b00000|100%| S|CS|TAMS 0x0000000086a00000, 0x0000000086a00000| Complete 
| 107|0x0000000086b00000, 0x0000000086c00000, 0x0000000086c00000|100%| S|CS|TAMS 0x0000000086b00000, 0x0000000086b00000| Complete 
| 108|0x0000000086c00000, 0x0000000086d00000, 0x0000000086d00000|100%| S|CS|TAMS 0x0000000086c00000, 0x0000000086c00000| Complete 
| 109|0x0000000086d00000, 0x0000000086e00000, 0x0000000086e00000|100%| S|CS|TAMS 0x0000000086d00000, 0x0000000086d00000| Complete 
| 110|0x0000000086e00000, 0x0000000086f00000, 0x0000000086f00000|100%| S|CS|TAMS 0x0000000086e00000, 0x0000000086e00000| Complete 
| 111|0x0000000086f00000, 0x0000000087000000, 0x0000000087000000|100%| S|CS|TAMS 0x0000000086f00000, 0x0000000086f00000| Complete 
| 112|0x0000000087000000, 0x0000000087100000, 0x0000000087100000|100%| S|CS|TAMS 0x0000000087000000, 0x0000000087000000| Complete 
| 113|0x0000000087100000, 0x0000000087200000, 0x0000000087200000|100%| S|CS|TAMS 0x0000000087100000, 0x0000000087100000| Complete 
| 114|0x0000000087200000, 0x0000000087300000, 0x0000000087300000|100%| S|CS|TAMS 0x0000000087200000, 0x0000000087200000| Complete 
| 115|0x0000000087300000, 0x0000000087300000, 0x0000000087400000|  0%| F|  |TAMS 0x0000000087300000, 0x0000000087300000| Untracked 
| 116|0x0000000087400000, 0x0000000087400000, 0x0000000087500000|  0%| F|  |TAMS 0x0000000087400000, 0x0000000087400000| Untracked 
| 117|0x0000000087500000, 0x0000000087500000, 0x0000000087600000|  0%| F|  |TAMS 0x0000000087500000, 0x0000000087500000| Untracked 
| 118|0x0000000087600000, 0x0000000087600000, 0x0000000087700000|  0%| F|  |TAMS 0x0000000087600000, 0x0000000087600000| Untracked 
| 119|0x0000000087700000, 0x0000000087700000, 0x0000000087800000|  0%| F|  |TAMS 0x0000000087700000, 0x0000000087700000| Untracked 
| 120|0x0000000087800000, 0x0000000087800000, 0x0000000087900000|  0%| F|  |TAMS 0x0000000087800000, 0x0000000087800000| Untracked 
| 121|0x0000000087900000, 0x0000000087900000, 0x0000000087a00000|  0%| F|  |TAMS 0x0000000087900000, 0x0000000087900000| Untracked 
| 122|0x0000000087a00000, 0x0000000087a00000, 0x0000000087b00000|  0%| F|  |TAMS 0x0000000087a00000, 0x0000000087a00000| Untracked 
| 123|0x0000000087b00000, 0x0000000087b00000, 0x0000000087c00000|  0%| F|  |TAMS 0x0000000087b00000, 0x0000000087b00000| Untracked 
| 124|0x0000000087c00000, 0x0000000087c00000, 0x0000000087d00000|  0%| F|  |TAMS 0x0000000087c00000, 0x0000000087c00000| Untracked 
| 125|0x0000000087d00000, 0x0000000087d00000, 0x0000000087e00000|  0%| F|  |TAMS 0x0000000087d00000, 0x0000000087d00000| Untracked 
| 126|0x0000000087e00000, 0x0000000087e00000, 0x0000000087f00000|  0%| F|  |TAMS 0x0000000087e00000, 0x0000000087e00000| Untracked 
| 127|0x0000000087f00000, 0x0000000087f00000, 0x0000000088000000|  0%| F|  |TAMS 0x0000000087f00000, 0x0000000087f00000| Untracked 
| 128|0x0000000088000000, 0x0000000088000000, 0x0000000088100000|  0%| F|  |TAMS 0x0000000088000000, 0x0000000088000000| Untracked 
| 129|0x0000000088100000, 0x0000000088100000, 0x0000000088200000|  0%| F|  |TAMS 0x0000000088100000, 0x0000000088100000| Untracked 
| 130|0x0000000088200000, 0x0000000088200000, 0x0000000088300000|  0%| F|  |TAMS 0x0000000088200000, 0x0000000088200000| Untracked 
| 131|0x0000000088300000, 0x0000000088300000, 0x0000000088400000|  0%| F|  |TAMS 0x0000000088300000, 0x0000000088300000| Untracked 
| 132|0x0000000088400000, 0x0000000088400000, 0x0000000088500000|  0%| F|  |TAMS 0x0000000088400000, 0x0000000088400000| Untracked 
| 133|0x0000000088500000, 0x0000000088500000, 0x0000000088600000|  0%| F|  |TAMS 0x0000000088500000, 0x0000000088500000| Untracked 
| 134|0x0000000088600000, 0x0000000088600000, 0x0000000088700000|  0%| F|  |TAMS 0x0000000088600000, 0x0000000088600000| Untracked 
| 135|0x0000000088700000, 0x0000000088700000, 0x0000000088800000|  0%| F|  |TAMS 0x0000000088700000, 0x0000000088700000| Untracked 
| 136|0x0000000088800000, 0x0000000088800000, 0x0000000088900000|  0%| F|  |TAMS 0x0000000088800000, 0x0000000088800000| Untracked 
| 137|0x0000000088900000, 0x0000000088900000, 0x0000000088a00000|  0%| F|  |TAMS 0x0000000088900000, 0x0000000088900000| Untracked 
| 138|0x0000000088a00000, 0x0000000088a00000, 0x0000000088b00000|  0%| F|  |TAMS 0x0000000088a00000, 0x0000000088a00000| Untracked 
| 139|0x0000000088b00000, 0x0000000088b00000, 0x0000000088c00000|  0%| F|  |TAMS 0x0000000088b00000, 0x0000000088b00000| Untracked 
| 140|0x0000000088c00000, 0x0000000088c00000, 0x0000000088d00000|  0%| F|  |TAMS 0x0000000088c00000, 0x0000000088c00000| Untracked 
| 141|0x0000000088d00000, 0x0000000088d00000, 0x0000000088e00000|  0%| F|  |TAMS 0x0000000088d00000, 0x0000000088d00000| Untracked 
| 142|0x0000000088e00000, 0x0000000088e00000, 0x0000000088f00000|  0%| F|  |TAMS 0x0000000088e00000, 0x0000000088e00000| Untracked 
| 143|0x0000000088f00000, 0x0000000088f00000, 0x0000000089000000|  0%| F|  |TAMS 0x0000000088f00000, 0x0000000088f00000| Untracked 
| 144|0x0000000089000000, 0x0000000089000000, 0x0000000089100000|  0%| F|  |TAMS 0x0000000089000000, 0x0000000089000000| Untracked 
| 145|0x0000000089100000, 0x0000000089100000, 0x0000000089200000|  0%| F|  |TAMS 0x0000000089100000, 0x0000000089100000| Untracked 
| 146|0x0000000089200000, 0x0000000089200000, 0x0000000089300000|  0%| F|  |TAMS 0x0000000089200000, 0x0000000089200000| Untracked 
| 147|0x0000000089300000, 0x0000000089300000, 0x0000000089400000|  0%| F|  |TAMS 0x0000000089300000, 0x0000000089300000| Untracked 
| 148|0x0000000089400000, 0x0000000089400000, 0x0000000089500000|  0%| F|  |TAMS 0x0000000089400000, 0x0000000089400000| Untracked 
| 149|0x0000000089500000, 0x0000000089500000, 0x0000000089600000|  0%| F|  |TAMS 0x0000000089500000, 0x0000000089500000| Untracked 
| 150|0x0000000089600000, 0x0000000089600000, 0x0000000089700000|  0%| F|  |TAMS 0x0000000089600000, 0x0000000089600000| Untracked 
| 151|0x0000000089700000, 0x0000000089700000, 0x0000000089800000|  0%| F|  |TAMS 0x0000000089700000, 0x0000000089700000| Untracked 
| 152|0x0000000089800000, 0x0000000089800000, 0x0000000089900000|  0%| F|  |TAMS 0x0000000089800000, 0x0000000089800000| Untracked 
| 153|0x0000000089900000, 0x0000000089900000, 0x0000000089a00000|  0%| F|  |TAMS 0x0000000089900000, 0x0000000089900000| Untracked 
| 154|0x0000000089a00000, 0x0000000089a00000, 0x0000000089b00000|  0%| F|  |TAMS 0x0000000089a00000, 0x0000000089a00000| Untracked 
| 155|0x0000000089b00000, 0x0000000089b00000, 0x0000000089c00000|  0%| F|  |TAMS 0x0000000089b00000, 0x0000000089b00000| Untracked 
| 156|0x0000000089c00000, 0x0000000089c00000, 0x0000000089d00000|  0%| F|  |TAMS 0x0000000089c00000, 0x0000000089c00000| Untracked 
| 157|0x0000000089d00000, 0x0000000089d00000, 0x0000000089e00000|  0%| F|  |TAMS 0x0000000089d00000, 0x0000000089d00000| Untracked 
| 158|0x0000000089e00000, 0x0000000089e00000, 0x0000000089f00000|  0%| F|  |TAMS 0x0000000089e00000, 0x0000000089e00000| Untracked 
| 159|0x0000000089f00000, 0x0000000089f00000, 0x000000008a000000|  0%| F|  |TAMS 0x0000000089f00000, 0x0000000089f00000| Untracked 
| 160|0x000000008a000000, 0x000000008a000000, 0x000000008a100000|  0%| F|  |TAMS 0x000000008a000000, 0x000000008a000000| Untracked 
| 161|0x000000008a100000, 0x000000008a100000, 0x000000008a200000|  0%| F|  |TAMS 0x000000008a100000, 0x000000008a100000| Untracked 
| 162|0x000000008a200000, 0x000000008a200000, 0x000000008a300000|  0%| F|  |TAMS 0x000000008a200000, 0x000000008a200000| Untracked 
| 163|0x000000008a300000, 0x000000008a300000, 0x000000008a400000|  0%| F|  |TAMS 0x000000008a300000, 0x000000008a300000| Untracked 
| 164|0x000000008a400000, 0x000000008a400000, 0x000000008a500000|  0%| F|  |TAMS 0x000000008a400000, 0x000000008a400000| Untracked 
| 165|0x000000008a500000, 0x000000008a500000, 0x000000008a600000|  0%| F|  |TAMS 0x000000008a500000, 0x000000008a500000| Untracked 
| 166|0x000000008a600000, 0x000000008a600000, 0x000000008a700000|  0%| F|  |TAMS 0x000000008a600000, 0x000000008a600000| Untracked 
| 167|0x000000008a700000, 0x000000008a700000, 0x000000008a800000|  0%| F|  |TAMS 0x000000008a700000, 0x000000008a700000| Untracked 
| 168|0x000000008a800000, 0x000000008a800000, 0x000000008a900000|  0%| F|  |TAMS 0x000000008a800000, 0x000000008a800000| Untracked 
| 169|0x000000008a900000, 0x000000008a900000, 0x000000008aa00000|  0%| F|  |TAMS 0x000000008a900000, 0x000000008a900000| Untracked 
| 170|0x000000008aa00000, 0x000000008aa00000, 0x000000008ab00000|  0%| F|  |TAMS 0x000000008aa00000, 0x000000008aa00000| Untracked 
| 171|0x000000008ab00000, 0x000000008ab00000, 0x000000008ac00000|  0%| F|  |TAMS 0x000000008ab00000, 0x000000008ab00000| Untracked 
| 172|0x000000008ac00000, 0x000000008ac00000, 0x000000008ad00000|  0%| F|  |TAMS 0x000000008ac00000, 0x000000008ac00000| Untracked 
| 173|0x000000008ad00000, 0x000000008ad00000, 0x000000008ae00000|  0%| F|  |TAMS 0x000000008ad00000, 0x000000008ad00000| Untracked 
| 174|0x000000008ae00000, 0x000000008ae00000, 0x000000008af00000|  0%| F|  |TAMS 0x000000008ae00000, 0x000000008ae00000| Untracked 
| 175|0x000000008af00000, 0x000000008af00000, 0x000000008b000000|  0%| F|  |TAMS 0x000000008af00000, 0x000000008af00000| Untracked 
| 176|0x000000008b000000, 0x000000008b000000, 0x000000008b100000|  0%| F|  |TAMS 0x000000008b000000, 0x000000008b000000| Untracked 
| 177|0x000000008b100000, 0x000000008b100000, 0x000000008b200000|  0%| F|  |TAMS 0x000000008b100000, 0x000000008b100000| Untracked 
| 178|0x000000008b200000, 0x000000008b200000, 0x000000008b300000|  0%| F|  |TAMS 0x000000008b200000, 0x000000008b200000| Untracked 
| 179|0x000000008b300000, 0x000000008b300000, 0x000000008b400000|  0%| F|  |TAMS 0x000000008b300000, 0x000000008b300000| Untracked 
| 180|0x000000008b400000, 0x000000008b400000, 0x000000008b500000|  0%| F|  |TAMS 0x000000008b400000, 0x000000008b400000| Untracked 
| 181|0x000000008b500000, 0x000000008b500000, 0x000000008b600000|  0%| F|  |TAMS 0x000000008b500000, 0x000000008b500000| Untracked 
| 182|0x000000008b600000, 0x000000008b600000, 0x000000008b700000|  0%| F|  |TAMS 0x000000008b600000, 0x000000008b600000| Untracked 
| 183|0x000000008b700000, 0x000000008b700000, 0x000000008b800000|  0%| F|  |TAMS 0x000000008b700000, 0x000000008b700000| Untracked 
| 184|0x000000008b800000, 0x000000008b800000, 0x000000008b900000|  0%| F|  |TAMS 0x000000008b800000, 0x000000008b800000| Untracked 
| 185|0x000000008b900000, 0x000000008b900000, 0x000000008ba00000|  0%| F|  |TAMS 0x000000008b900000, 0x000000008b900000| Untracked 
| 186|0x000000008ba00000, 0x000000008bb00000, 0x000000008bb00000|100%| E|  |TAMS 0x000000008ba00000, 0x000000008ba00000| Complete 
| 187|0x000000008bb00000, 0x000000008bc00000, 0x000000008bc00000|100%| E|CS|TAMS 0x000000008bb00000, 0x000000008bb00000| Complete 
| 188|0x000000008bc00000, 0x000000008bd00000, 0x000000008bd00000|100%| E|CS|TAMS 0x000000008bc00000, 0x000000008bc00000| Complete 
| 189|0x000000008bd00000, 0x000000008be00000, 0x000000008be00000|100%| E|CS|TAMS 0x000000008bd00000, 0x000000008bd00000| Complete 
| 190|0x000000008be00000, 0x000000008bf00000, 0x000000008bf00000|100%| E|CS|TAMS 0x000000008be00000, 0x000000008be00000| Complete 
| 191|0x000000008bf00000, 0x000000008c000000, 0x000000008c000000|100%| E|CS|TAMS 0x000000008bf00000, 0x000000008bf00000| Complete 
| 192|0x000000008c000000, 0x000000008c100000, 0x000000008c100000|100%| E|CS|TAMS 0x000000008c000000, 0x000000008c000000| Complete 
| 193|0x000000008c100000, 0x000000008c200000, 0x000000008c200000|100%| E|CS|TAMS 0x000000008c100000, 0x000000008c100000| Complete 
| 194|0x000000008c200000, 0x000000008c300000, 0x000000008c300000|100%| E|CS|TAMS 0x000000008c200000, 0x000000008c200000| Complete 
| 195|0x000000008c300000, 0x000000008c400000, 0x000000008c400000|100%| E|CS|TAMS 0x000000008c300000, 0x000000008c300000| Complete 
| 196|0x000000008c400000, 0x000000008c500000, 0x000000008c500000|100%| E|CS|TAMS 0x000000008c400000, 0x000000008c400000| Complete 
| 197|0x000000008c500000, 0x000000008c600000, 0x000000008c600000|100%| E|CS|TAMS 0x000000008c500000, 0x000000008c500000| Complete 
| 198|0x000000008c600000, 0x000000008c700000, 0x000000008c700000|100%| E|CS|TAMS 0x000000008c600000, 0x000000008c600000| Complete 
| 199|0x000000008c700000, 0x000000008c800000, 0x000000008c800000|100%| E|CS|TAMS 0x000000008c700000, 0x000000008c700000| Complete 
| 200|0x000000008c800000, 0x000000008c900000, 0x000000008c900000|100%| E|CS|TAMS 0x000000008c800000, 0x000000008c800000| Complete 
| 201|0x000000008c900000, 0x000000008ca00000, 0x000000008ca00000|100%| E|CS|TAMS 0x000000008c900000, 0x000000008c900000| Complete 
| 202|0x000000008ca00000, 0x000000008cb00000, 0x000000008cb00000|100%| E|CS|TAMS 0x000000008ca00000, 0x000000008ca00000| Complete 
| 203|0x000000008cb00000, 0x000000008cc00000, 0x000000008cc00000|100%| E|CS|TAMS 0x000000008cb00000, 0x000000008cb00000| Complete 
| 204|0x000000008cc00000, 0x000000008cd00000, 0x000000008cd00000|100%| E|CS|TAMS 0x000000008cc00000, 0x000000008cc00000| Complete 
| 205|0x000000008cd00000, 0x000000008ce00000, 0x000000008ce00000|100%| E|CS|TAMS 0x000000008cd00000, 0x000000008cd00000| Complete 
| 206|0x000000008ce00000, 0x000000008cf00000, 0x000000008cf00000|100%| E|CS|TAMS 0x000000008ce00000, 0x000000008ce00000| Complete 
| 207|0x000000008cf00000, 0x000000008d000000, 0x000000008d000000|100%| E|CS|TAMS 0x000000008cf00000, 0x000000008cf00000| Complete 
| 208|0x000000008d000000, 0x000000008d100000, 0x000000008d100000|100%| E|CS|TAMS 0x000000008d000000, 0x000000008d000000| Complete 
| 209|0x000000008d100000, 0x000000008d200000, 0x000000008d200000|100%| E|CS|TAMS 0x000000008d100000, 0x000000008d100000| Complete 
| 210|0x000000008d200000, 0x000000008d300000, 0x000000008d300000|100%| E|CS|TAMS 0x000000008d200000, 0x000000008d200000| Complete 
| 211|0x000000008d300000, 0x000000008d400000, 0x000000008d400000|100%| E|CS|TAMS 0x000000008d300000, 0x000000008d300000| Complete 
| 212|0x000000008d400000, 0x000000008d500000, 0x000000008d500000|100%| E|CS|TAMS 0x000000008d400000, 0x000000008d400000| Complete 
| 213|0x000000008d500000, 0x000000008d600000, 0x000000008d600000|100%| E|CS|TAMS 0x000000008d500000, 0x000000008d500000| Complete 
| 214|0x000000008d600000, 0x000000008d700000, 0x000000008d700000|100%| E|CS|TAMS 0x000000008d600000, 0x000000008d600000| Complete 
| 215|0x000000008d700000, 0x000000008d800000, 0x000000008d800000|100%| E|CS|TAMS 0x000000008d700000, 0x000000008d700000| Complete 
| 216|0x000000008d800000, 0x000000008d900000, 0x000000008d900000|100%| E|CS|TAMS 0x000000008d800000, 0x000000008d800000| Complete 
| 217|0x000000008d900000, 0x000000008da00000, 0x000000008da00000|100%| E|CS|TAMS 0x000000008d900000, 0x000000008d900000| Complete 
| 218|0x000000008da00000, 0x000000008db00000, 0x000000008db00000|100%| E|CS|TAMS 0x000000008da00000, 0x000000008da00000| Complete 
| 219|0x000000008db00000, 0x000000008dc00000, 0x000000008dc00000|100%| E|CS|TAMS 0x000000008db00000, 0x000000008db00000| Complete 
| 220|0x000000008dc00000, 0x000000008dd00000, 0x000000008dd00000|100%| E|CS|TAMS 0x000000008dc00000, 0x000000008dc00000| Complete 
| 221|0x000000008dd00000, 0x000000008de00000, 0x000000008de00000|100%| E|CS|TAMS 0x000000008dd00000, 0x000000008dd00000| Complete 
| 222|0x000000008de00000, 0x000000008df00000, 0x000000008df00000|100%| E|CS|TAMS 0x000000008de00000, 0x000000008de00000| Complete 
| 223|0x000000008df00000, 0x000000008e000000, 0x000000008e000000|100%| E|CS|TAMS 0x000000008df00000, 0x000000008df00000| Complete 
| 224|0x000000008e000000, 0x000000008e100000, 0x000000008e100000|100%| E|CS|TAMS 0x000000008e000000, 0x000000008e000000| Complete 
| 225|0x000000008e100000, 0x000000008e200000, 0x000000008e200000|100%| E|CS|TAMS 0x000000008e100000, 0x000000008e100000| Complete 
| 226|0x000000008e200000, 0x000000008e300000, 0x000000008e300000|100%| E|CS|TAMS 0x000000008e200000, 0x000000008e200000| Complete 
| 227|0x000000008e300000, 0x000000008e400000, 0x000000008e400000|100%| E|CS|TAMS 0x000000008e300000, 0x000000008e300000| Complete 
| 228|0x000000008e400000, 0x000000008e500000, 0x000000008e500000|100%| E|CS|TAMS 0x000000008e400000, 0x000000008e400000| Complete 
| 229|0x000000008e500000, 0x000000008e600000, 0x000000008e600000|100%| E|CS|TAMS 0x000000008e500000, 0x000000008e500000| Complete 
| 230|0x000000008e600000, 0x000000008e700000, 0x000000008e700000|100%| E|CS|TAMS 0x000000008e600000, 0x000000008e600000| Complete 
| 231|0x000000008e700000, 0x000000008e800000, 0x000000008e800000|100%| E|CS|TAMS 0x000000008e700000, 0x000000008e700000| Complete 
| 232|0x000000008e800000, 0x000000008e900000, 0x000000008e900000|100%| E|CS|TAMS 0x000000008e800000, 0x000000008e800000| Complete 
| 233|0x000000008e900000, 0x000000008ea00000, 0x000000008ea00000|100%| E|CS|TAMS 0x000000008e900000, 0x000000008e900000| Complete 
| 234|0x000000008ea00000, 0x000000008eb00000, 0x000000008eb00000|100%| E|CS|TAMS 0x000000008ea00000, 0x000000008ea00000| Complete 
| 235|0x000000008eb00000, 0x000000008ec00000, 0x000000008ec00000|100%| E|CS|TAMS 0x000000008eb00000, 0x000000008eb00000| Complete 
| 236|0x000000008ec00000, 0x000000008ed00000, 0x000000008ed00000|100%| E|CS|TAMS 0x000000008ec00000, 0x000000008ec00000| Complete 
| 237|0x000000008ed00000, 0x000000008ee00000, 0x000000008ee00000|100%| E|CS|TAMS 0x000000008ed00000, 0x000000008ed00000| Complete 
| 238|0x000000008ee00000, 0x000000008ef00000, 0x000000008ef00000|100%| E|CS|TAMS 0x000000008ee00000, 0x000000008ee00000| Complete 
| 239|0x000000008ef00000, 0x000000008f000000, 0x000000008f000000|100%| E|CS|TAMS 0x000000008ef00000, 0x000000008ef00000| Complete 
| 240|0x000000008f000000, 0x000000008f100000, 0x000000008f100000|100%| E|CS|TAMS 0x000000008f000000, 0x000000008f000000| Complete 
| 241|0x000000008f100000, 0x000000008f200000, 0x000000008f200000|100%| E|CS|TAMS 0x000000008f100000, 0x000000008f100000| Complete 
| 242|0x000000008f200000, 0x000000008f300000, 0x000000008f300000|100%| E|CS|TAMS 0x000000008f200000, 0x000000008f200000| Complete 
| 243|0x000000008f300000, 0x000000008f400000, 0x000000008f400000|100%| E|CS|TAMS 0x000000008f300000, 0x000000008f300000| Complete 
| 244|0x000000008f400000, 0x000000008f500000, 0x000000008f500000|100%| E|CS|TAMS 0x000000008f400000, 0x000000008f400000| Complete 
| 245|0x000000008f500000, 0x000000008f600000, 0x000000008f600000|100%| E|CS|TAMS 0x000000008f500000, 0x000000008f500000| Complete 
| 246|0x000000008f600000, 0x000000008f700000, 0x000000008f700000|100%| E|CS|TAMS 0x000000008f600000, 0x000000008f600000| Complete 
| 247|0x000000008f700000, 0x000000008f800000, 0x000000008f800000|100%| E|CS|TAMS 0x000000008f700000, 0x000000008f700000| Complete 
| 248|0x000000008f800000, 0x000000008f900000, 0x000000008f900000|100%| E|CS|TAMS 0x000000008f800000, 0x000000008f800000| Complete 
| 249|0x000000008f900000, 0x000000008fa00000, 0x000000008fa00000|100%| E|CS|TAMS 0x000000008f900000, 0x000000008f900000| Complete 
| 250|0x000000008fa00000, 0x000000008fb00000, 0x000000008fb00000|100%| E|CS|TAMS 0x000000008fa00000, 0x000000008fa00000| Complete 
| 251|0x000000008fb00000, 0x000000008fc00000, 0x000000008fc00000|100%| E|CS|TAMS 0x000000008fb00000, 0x000000008fb00000| Complete 
| 252|0x000000008fc00000, 0x000000008fd00000, 0x000000008fd00000|100%| E|CS|TAMS 0x000000008fc00000, 0x000000008fc00000| Complete 
| 253|0x000000008fd00000, 0x000000008fe00000, 0x000000008fe00000|100%| E|CS|TAMS 0x000000008fd00000, 0x000000008fd00000| Complete 
| 254|0x000000008fe00000, 0x000000008ff00000, 0x000000008ff00000|100%| E|CS|TAMS 0x000000008fe00000, 0x000000008fe00000| Complete 
| 255|0x000000008ff00000, 0x0000000090000000, 0x0000000090000000|100%| E|CS|TAMS 0x000000008ff00000, 0x000000008ff00000| Complete 

Card table byte_map: [0x0000026577130000,0x0000026577530000] _byte_map_base: 0x0000026576d30000

Marking Bits (Prev, Next): (CMBitMap*) 0x0000026561fe0e98, (CMBitMap*) 0x0000026561fe0ed0
 Prev Bits: [0x0000026577930000, 0x0000026579930000)
 Next Bits: [0x0000026579930000, 0x000002657b930000)

Polling page: 0x0000026562080000

Metaspace:

Usage:
  Non-class:     64.71 MB capacity,    63.71 MB ( 98%) used,   845.62 KB (  1%) free+waste,   179.63 KB ( <1%) overhead. 
      Class:      9.98 MB capacity,     9.39 MB ( 94%) used,   518.52 KB (  5%) free+waste,    82.63 KB ( <1%) overhead. 
       Both:     74.69 MB capacity,    73.10 MB ( 98%) used,     1.33 MB (  2%) free+waste,   262.25 KB ( <1%) overhead. 

Virtual space:
  Non-class space:       66.00 MB reserved,      64.92 MB ( 98%) committed 
      Class space:        1.00 GB reserved,      10.03 MB ( <1%) committed 
             Both:        1.06 GB reserved,      74.95 MB (  7%) committed 

Chunk freelists:
   Non-Class:  21.00 KB
       Class:  25.00 KB
        Both:  46.00 KB

MaxMetaspaceSize: 17179869184.00 GB
CompressedClassSpaceSize: 1.00 GB
Initial GC threshold: 20.80 MB
Current GC threshold: 113.67 MB
CDS: off

CodeHeap 'non-profiled nmethods': size=120000Kb used=3513Kb max_used=3513Kb free=116486Kb
 bounds [0x000002656eda0000, 0x000002656f110000, 0x00000265762d0000]
CodeHeap 'profiled nmethods': size=120000Kb used=14732Kb max_used=14732Kb free=105268Kb
 bounds [0x0000026567870000, 0x00000265686e0000, 0x000002656eda0000]
CodeHeap 'non-nmethods': size=5760Kb used=2352Kb max_used=2374Kb free=3407Kb
 bounds [0x00000265672d0000, 0x0000026567540000, 0x0000026567870000]
 total_blobs=8045 nmethods=7176 adapters=781
 compilation: enabled
              stopped_count=0, restarted_count=0
 full_count=0

Compilation events (20 events):
Event: 28.624 Thread 0x000002657ece5800 5916       3       com.google.common.reflect.Types$ParameterizedTypeImpl::<init> (55 bytes)
Event: 28.625 Thread 0x000002657ece5800 nmethod 5916 0x000002656848c990 code [0x000002656848cc20, 0x000002656848d7a8]
Event: 28.625 Thread 0x000002657ece5800 5912       3       com.google.common.reflect.TypeResolver::covariantly (15 bytes)
Event: 28.626 Thread 0x000002657ece5800 nmethod 5912 0x000002656848db90 code [0x000002656848dea0, 0x000002656848f158]
Event: 28.626 Thread 0x000002657ece5800 5911       3       com.google.common.reflect.TypeToken::getCovariantTypeResolver (24 bytes)
Event: 28.627 Thread 0x000002657ece5800 nmethod 5911 0x000002656848f790 code [0x000002656848f9c0, 0x0000026568490178]
Event: 28.628 Thread 0x000002657ece5800 5917       3       java.util.concurrent.ConcurrentHashMap$ValuesView::iterator (34 bytes)
Event: 28.628 Thread 0x000002657ece5800 nmethod 5917 0x0000026568490410 code [0x0000026568490600, 0x0000026568490998]
Event: 28.628 Thread 0x000002657ece5800 5918       3       java.util.concurrent.ConcurrentHashMap$ValueIterator::<init> (12 bytes)
Event: 28.628 Thread 0x000002657ece5800 nmethod 5918 0x0000026568490b90 code [0x0000026568490d60, 0x0000026568490f98]
Event: 28.628 Thread 0x000002657ece5800 5919       3       java.lang.invoke.InnerClassLambdaMetafactory::generateConstructor (151 bytes)
Event: 28.629 Thread 0x000002657ece5800 nmethod 5919 0x0000026568491090 code [0x0000026568491360, 0x0000026568491f88]
Event: 28.630 Thread 0x000002657ece5800 5920       3       java.lang.invoke.DelegatingMethodHandle::<init> (10 bytes)
Event: 28.630 Thread 0x000002657ece5800 nmethod 5920 0x0000026568492590 code [0x0000026568492780, 0x0000026568492bb8]
Event: 28.631 Thread 0x000002657ece5800 5922       3       java.util.Arrays::copyOf (19 bytes)
Event: 28.631 Thread 0x000002657ece5800 nmethod 5922 0x0000026568492d10 code [0x0000026568492ee0, 0x00000265684931c8]
Event: 28.631 Thread 0x000002657ece5800 5923       3       java.lang.invoke.InnerClassLambdaMetafactory$ForwardingMethodGenerator::generate (181 bytes)
Event: 28.632 Thread 0x000002657ece5800 nmethod 5923 0x0000026568493310 code [0x0000026568493620, 0x0000026568494b78]
Event: 28.632 Thread 0x000002657ece5800 5921       3       java.lang.invoke.DelegatingMethodHandle::chooseDelegatingForm (24 bytes)
Event: 28.632 Thread 0x000002657ece5800 nmethod 5921 0x0000026568495210 code [0x00000265684953e0, 0x0000026568495748]

GC Heap History (12 events):
Event: 0.822 GC heap before
{Heap before GC invocations=0 (full 0):
 garbage-first heap   total 262144K, used 29696K [0x0000000080000000, 0x0000000100000000)
  region size 1024K, 24 young (24576K), 0 survivors (0K)
 Metaspace       used 10133K, capacity 10393K, committed 10624K, reserved 1058816K
  class space    used 1042K, capacity 1108K, committed 1152K, reserved 1048576K
}
Event: 0.826 GC heap after
{Heap after GC invocations=1 (full 0):
 garbage-first heap   total 262144K, used 9498K [0x0000000080000000, 0x0000000100000000)
  region size 1024K, 3 young (3072K), 3 survivors (3072K)
 Metaspace       used 10133K, capacity 10393K, committed 10624K, reserved 1058816K
  class space    used 1042K, capacity 1108K, committed 1152K, reserved 1048576K
}
Event: 2.692 GC heap before
{Heap before GC invocations=1 (full 0):
 garbage-first heap   total 262144K, used 113946K [0x0000000080000000, 0x0000000100000000)
  region size 1024K, 106 young (108544K), 3 survivors (3072K)
 Metaspace       used 20741K, capacity 21187K, committed 21296K, reserved 1069056K
  class space    used 2525K, capacity 2686K, committed 2688K, reserved 1048576K
}
Event: 2.701 GC heap after
{Heap after GC invocations=2 (full 0):
 garbage-first heap   total 262144K, used 17051K [0x0000000080000000, 0x0000000100000000)
  region size 1024K, 11 young (11264K), 11 survivors (11264K)
 Metaspace       used 20741K, capacity 21187K, committed 21296K, reserved 1069056K
  class space    used 2525K, capacity 2686K, committed 2688K, reserved 1048576K
}
Event: 3.128 GC heap before
{Heap before GC invocations=3 (full 0):
 garbage-first heap   total 262144K, used 61083K [0x0000000080000000, 0x0000000100000000)
  region size 1024K, 54 young (55296K), 11 survivors (11264K)
 Metaspace       used 25121K, capacity 25734K, committed 25980K, reserved 1071104K
  class space    used 3219K, capacity 3420K, committed 3532K, reserved 1048576K
}
Event: 3.135 GC heap after
{Heap after GC invocations=4 (full 0):
 garbage-first heap   total 262144K, used 19253K [0x0000000080000000, 0x0000000100000000)
  region size 1024K, 3 young (3072K), 3 survivors (3072K)
 Metaspace       used 25121K, capacity 25734K, committed 25980K, reserved 1071104K
  class space    used 3219K, capacity 3420K, committed 3532K, reserved 1048576K
}
Event: 4.394 GC heap before
{Heap before GC invocations=4 (full 0):
 garbage-first heap   total 262144K, used 92981K [0x0000000080000000, 0x0000000100000000)
  region size 1024K, 76 young (77824K), 3 survivors (3072K)
 Metaspace       used 35175K, capacity 35950K, committed 36048K, reserved 1081344K
  class space    used 4517K, capacity 4834K, committed 4896K, reserved 1048576K
}
Event: 4.403 GC heap after
{Heap after GC invocations=5 (full 0):
 garbage-first heap   total 262144K, used 22680K [0x0000000080000000, 0x0000000100000000)
  region size 1024K, 6 young (6144K), 6 survivors (6144K)
 Metaspace       used 35175K, capacity 35950K, committed 36048K, reserved 1081344K
  class space    used 4517K, capacity 4834K, committed 4896K, reserved 1048576K
}
Event: 8.059 GC heap before
{Heap before GC invocations=6 (full 0):
 garbage-first heap   total 262144K, used 152728K [0x0000000080000000, 0x0000000100000000)
  region size 1024K, 130 young (133120K), 6 survivors (6144K)
 Metaspace       used 45828K, capacity 46898K, committed 47184K, reserved 1089536K
  class space    used 5809K, capacity 6187K, committed 6304K, reserved 1048576K
}
Event: 8.072 GC heap after
{Heap after GC invocations=7 (full 0):
 garbage-first heap   total 262144K, used 29731K [0x0000000080000000, 0x0000000100000000)
  region size 1024K, 13 young (13312K), 13 survivors (13312K)
 Metaspace       used 45828K, capacity 46898K, committed 47184K, reserved 1089536K
  class space    used 5809K, capacity 6187K, committed 6304K, reserved 1048576K
}
Event: 28.291 GC heap before
{Heap before GC invocations=7 (full 0):
 garbage-first heap   total 262144K, used 180259K [0x0000000080000000, 0x0000000100000000)
  region size 1024K, 151 young (154624K), 13 survivors (13312K)
 Metaspace       used 56848K, capacity 58204K, committed 58320K, reserved 1099776K
  class space    used 7127K, capacity 7652K, committed 7712K, reserved 1048576K
}
Event: 28.325 GC heap after
{Heap after GC invocations=8 (full 0):
 garbage-first heap   total 262144K, used 49890K [0x0000000080000000, 0x0000000100000000)
  region size 1024K, 18 young (18432K), 18 survivors (18432K)
 Metaspace       used 56848K, capacity 58204K, committed 58320K, reserved 1099776K
  class space    used 7127K, capacity 7652K, committed 7712K, reserved 1048576K
}

Deoptimization events (20 events):
Event: 27.546 Thread 0x000002657f81c800 DEOPT PACKING pc=0x0000026567adc397 sp=0x000000c923af5e60
Event: 27.546 Thread 0x000002657f81c800 DEOPT UNPACKING pc=0x000002656731a95e sp=0x000000c923af53e8 mode 0
Event: 27.547 Thread 0x000002657f81c800 DEOPT PACKING pc=0x0000026567adc397 sp=0x000000c923af5e60
Event: 27.547 Thread 0x000002657f81c800 DEOPT UNPACKING pc=0x000002656731a95e sp=0x000000c923af53e8 mode 0
Event: 27.548 Thread 0x000002657f81c800 DEOPT PACKING pc=0x0000026567adc397 sp=0x000000c923af5d60
Event: 27.548 Thread 0x000002657f81c800 DEOPT UNPACKING pc=0x000002656731a95e sp=0x000000c923af52e8 mode 0
Event: 27.576 Thread 0x000002657f81c800 DEOPT PACKING pc=0x0000026567adc397 sp=0x000000c923af5fc0
Event: 27.576 Thread 0x000002657f81c800 DEOPT UNPACKING pc=0x000002656731a95e sp=0x000000c923af5548 mode 0
Event: 27.577 Thread 0x000002657f81c800 DEOPT PACKING pc=0x0000026567adc397 sp=0x000000c923af5d60
Event: 27.578 Thread 0x000002657f81c800 DEOPT UNPACKING pc=0x000002656731a95e sp=0x000000c923af52e8 mode 0
Event: 27.579 Thread 0x000002657f81c800 DEOPT PACKING pc=0x0000026567adc397 sp=0x000000c923af5e60
Event: 27.579 Thread 0x000002657f81c800 DEOPT UNPACKING pc=0x000002656731a95e sp=0x000000c923af53e8 mode 0
Event: 27.717 Thread 0x000002657f81c800 Uncommon trap: trap_request=0xffffff4d fr.pc=0x000002656f010a84 relative=0x0000000000000324
Event: 27.717 Thread 0x000002657f81c800 Uncommon trap: reason=unstable_if action=reinterpret pc=0x000002656f010a84 method=org.gradle.internal.instantiation.generator.AbstractClassGenerator$InjectionAnnotationValidator.validateMethod(Ljava/lang/reflect/Method;Lorg/gradle/internal/reflect/Propert
Event: 27.717 Thread 0x000002657f81c800 DEOPT PACKING pc=0x000002656f010a84 sp=0x000000c923af7380
Event: 27.717 Thread 0x000002657f81c800 DEOPT UNPACKING pc=0x000002656731a1af sp=0x000000c923af7348 mode 2
Event: 28.325 Thread 0x000002657ee4d800 Uncommon trap: trap_request=0xffffffde fr.pc=0x000002656eee466c relative=0x000000000000052c
Event: 28.325 Thread 0x000002657ee4d800 Uncommon trap: reason=class_check action=maybe_recompile pc=0x000002656eee466c method=jdk.internal.ref.PhantomCleanable.clean()V @ 12 c2
Event: 28.325 Thread 0x000002657ee4d800 DEOPT PACKING pc=0x000002656eee466c sp=0x000000c922cfef60
Event: 28.325 Thread 0x000002657ee4d800 DEOPT UNPACKING pc=0x000002656731a1af sp=0x000000c922cfef40 mode 2

Classes redefined (0 events):
No events

Internal exceptions (20 events):
Event: 26.054 Thread 0x000002657f81c800 Exception <a 'java/security/PrivilegedActionException'{0x000000008b632120}> (0x000000008b632120) thrown at [./src/hotspot/share/prims/jvm.cpp, line 1306]
Event: 26.054 Thread 0x000002657f81c800 Exception <a 'java/security/PrivilegedActionException'{0x000000008b6333e0}> (0x000000008b6333e0) thrown at [./src/hotspot/share/prims/jvm.cpp, line 1306]
Event: 26.054 Thread 0x000002657f81c800 Exception <a 'java/security/PrivilegedActionException'{0x000000008b635fe0}> (0x000000008b635fe0) thrown at [./src/hotspot/share/prims/jvm.cpp, line 1306]
Event: 26.054 Thread 0x000002657f81c800 Exception <a 'java/security/PrivilegedActionException'{0x000000008b6372a0}> (0x000000008b6372a0) thrown at [./src/hotspot/share/prims/jvm.cpp, line 1306]
Event: 26.054 Thread 0x000002657f81c800 Exception <a 'java/security/PrivilegedActionException'{0x000000008b639f60}> (0x000000008b639f60) thrown at [./src/hotspot/share/prims/jvm.cpp, line 1306]
Event: 26.054 Thread 0x000002657f81c800 Exception <a 'java/security/PrivilegedActionException'{0x000000008b63b220}> (0x000000008b63b220) thrown at [./src/hotspot/share/prims/jvm.cpp, line 1306]
Event: 26.054 Thread 0x000002657f81c800 Exception <a 'java/security/PrivilegedActionException'{0x000000008b63de50}> (0x000000008b63de50) thrown at [./src/hotspot/share/prims/jvm.cpp, line 1306]
Event: 26.054 Thread 0x000002657f81c800 Exception <a 'java/security/PrivilegedActionException'{0x000000008b63f110}> (0x000000008b63f110) thrown at [./src/hotspot/share/prims/jvm.cpp, line 1306]
Event: 26.054 Thread 0x000002657f81c800 Exception <a 'java/security/PrivilegedActionException'{0x000000008b641d68}> (0x000000008b641d68) thrown at [./src/hotspot/share/prims/jvm.cpp, line 1306]
Event: 26.054 Thread 0x000002657f81c800 Exception <a 'java/security/PrivilegedActionException'{0x000000008b643028}> (0x000000008b643028) thrown at [./src/hotspot/share/prims/jvm.cpp, line 1306]
Event: 26.055 Thread 0x000002657f81c800 Exception <a 'java/security/PrivilegedActionException'{0x000000008b645ce8}> (0x000000008b645ce8) thrown at [./src/hotspot/share/prims/jvm.cpp, line 1306]
Event: 26.055 Thread 0x000002657f81c800 Exception <a 'java/security/PrivilegedActionException'{0x000000008b646fa8}> (0x000000008b646fa8) thrown at [./src/hotspot/share/prims/jvm.cpp, line 1306]
Event: 26.773 Thread 0x000002657f81c800 Exception <a 'java/lang/ClassNotFoundException'{0x000000008adbacd8}: org/gradle/api/internal/plugins/DefaultObjectConfigurationActionBeanInfo> (0x000000008adbacd8) thrown at [./src/hotspot/share/classfile/systemDictionary.cpp, line 231]
Event: 26.774 Thread 0x000002657f81c800 Exception <a 'java/lang/ClassNotFoundException'{0x000000008adf16e0}: org/gradle/api/internal/plugins/DefaultObjectConfigurationActionCustomizer> (0x000000008adf16e0) thrown at [./src/hotspot/share/classfile/systemDictionary.cpp, line 231]
Event: 27.036 Thread 0x000002657f81c800 Exception <a 'java/lang/NoSuchMethodError'{0x000000008a2eaa98}: 'java.lang.Object java.lang.invoke.DirectMethodHandle$Holder.invokeStatic(java.lang.Object, java.lang.Object, java.lang.Object, java.lang.Object, int)'> (0x000000008a2eaa98) thrown at [./src/hotspot/share/interpreter/linkResolver.cpp, line 773]
Event: 27.037 Thread 0x000002657f81c800 Exception <a 'java/lang/NoSuchMethodError'{0x000000008a2ef490}: 'java.lang.Object java.lang.invoke.DirectMethodHandle$Holder.invokeSpecial(java.lang.Object, java.lang.Object, java.lang.Object, java.lang.Object, java.lang.Object, int)'> (0x000000008a2ef490) thrown at [./src/hotspot/share/interpreter/linkResolver.cpp, line 773]
Event: 27.037 Thread 0x000002657f81c800 Exception <a 'java/lang/NoSuchMethodError'{0x000000008a2f3ad0}: 'java.lang.Object java.lang.invoke.Invokers$Holder.linkToTargetMethod(java.lang.Object, java.lang.Object, java.lang.Object, int, java.lang.Object)'> (0x000000008a2f3ad0) thrown at [./src/hotspot/share/interpreter/linkResolver.cpp, line 773]
Event: 27.297 Thread 0x000002657f81c800 Exception <a 'java/lang/NoSuchMethodError'{0x00000000892e7d88}: 'java.lang.Object java.lang.invoke.DirectMethodHandle$Holder.invokeSpecial(java.lang.Object, java.lang.Object, int, int, java.lang.Object, java.lang.Object, java.lang.Object)'> (0x00000000892e7d88) thrown at [./src/hotspot/share/interpreter/linkResolver.cpp, line 773]
Event: 27.297 Thread 0x000002657f81c800 Exception <a 'java/lang/NoSuchMethodError'{0x00000000892ec308}: 'java.lang.Object java.lang.invoke.DelegatingMethodHandle$Holder.reinvoke_L(java.lang.Object, int, int, java.lang.Object, java.lang.Object, java.lang.Object)'> (0x00000000892ec308) thrown at [./src/hotspot/share/interpreter/linkResolver.cpp, line 773]
Event: 27.658 Thread 0x000002657f81c800 Exception <a 'java/lang/NoSuchMethodError'{0x00000000885ef648}: 'int java.lang.invoke.DirectMethodHandle$Holder.invokeInterface(java.lang.Object, java.lang.Object, java.lang.Object, java.lang.Object)'> (0x00000000885ef648) thrown at [./src/hotspot/share/interpreter/linkResolver.cpp, line 773]

Events (20 events):
Event: 28.652 loading class javax/management/MBeanServerFactory done
Event: 28.653 loading class javax/management/MBeanServerBuilder
Event: 28.653 loading class javax/management/MBeanServerBuilder done
Event: 28.653 loading class com/sun/jmx/mbeanserver/JmxMBeanServer
Event: 28.654 loading class com/sun/jmx/mbeanserver/SunJmxMBeanServer
Event: 28.654 loading class javax/management/MBeanServer
Event: 28.654 loading class javax/management/MBeanServerConnection
Event: 28.654 loading class javax/management/MBeanServerConnection done
Event: 28.654 loading class javax/management/MBeanServer done
Event: 28.654 loading class com/sun/jmx/mbeanserver/SunJmxMBeanServer done
Event: 28.654 loading class com/sun/jmx/mbeanserver/JmxMBeanServer done
Event: 28.654 loading class com/sun/jmx/mbeanserver/MBeanServerDelegateImpl
Event: 28.655 loading class javax/management/MBeanRegistration
Event: 28.655 loading class javax/management/MBeanRegistration done
Event: 28.655 loading class javax/management/MBeanServerDelegate
Event: 28.655 loading class javax/management/MBeanServerDelegateMBean
Event: 28.655 loading class javax/management/MBeanServerDelegateMBean done
Event: 28.655 loading class javax/management/MBeanServerDelegate done
Event: 28.655 loading class com/sun/jmx/mbeanserver/MBeanServerDelegateImpl done
Event: 28.655 loading class javax/management/MBeanNotificationInfo


Dynamic libraries:
0x00007ff6c0bc0000 - 0x00007ff6c0bca000 	C:\Program Files\Android\Android Studio\jre\bin\java.exe
0x00007ffbc9910000 - 0x00007ffbc9b08000 	C:\Windows\SYSTEM32\ntdll.dll
0x00007ffbc91e0000 - 0x00007ffbc929f000 	C:\Windows\System32\KERNEL32.DLL
0x00007ffbc7420000 - 0x00007ffbc7716000 	C:\Windows\System32\KERNELBASE.dll
0x00007ffbc7170000 - 0x00007ffbc7270000 	C:\Windows\System32\ucrtbase.dll
0x00007ffbb0130000 - 0x00007ffbb0147000 	C:\Program Files\Android\Android Studio\jre\bin\VCRUNTIME140.dll
0x00007ffbaf3b0000 - 0x00007ffbaf3c9000 	C:\Program Files\Android\Android Studio\jre\bin\jli.dll
0x00007ffbc8af0000 - 0x00007ffbc8c8d000 	C:\Windows\System32\USER32.dll
0x00007ffbc7110000 - 0x00007ffbc7132000 	C:\Windows\System32\win32u.dll
0x00007ffbb8b50000 - 0x00007ffbb8dea000 	C:\Windows\WinSxS\amd64_microsoft.windows.common-controls_6595b64144ccf1df_6.0.19041.1110_none_60b5254171f9507e\COMCTL32.dll
0x00007ffbc8f30000 - 0x00007ffbc8fce000 	C:\Windows\System32\msvcrt.dll
0x00007ffbc8590000 - 0x00007ffbc85bc000 	C:\Windows\System32\GDI32.dll
0x00007ffbc6ff0000 - 0x00007ffbc7105000 	C:\Windows\System32\gdi32full.dll
0x00007ffbc7770000 - 0x00007ffbc780d000 	C:\Windows\System32\msvcp_win.dll
0x00007ffbc7d50000 - 0x00007ffbc7d80000 	C:\Windows\System32\IMM32.DLL
0x00007ffb9db50000 - 0x00007ffb9dbed000 	C:\Program Files\Android\Android Studio\jre\bin\msvcp140.dll
0x00007ffb84200000 - 0x00007ffb84d02000 	C:\Program Files\Android\Android Studio\jre\bin\server\jvm.dll
0x00007ffbc8db0000 - 0x00007ffbc8e5f000 	C:\Windows\System32\ADVAPI32.dll
0x00007ffbc9730000 - 0x00007ffbc97cc000 	C:\Windows\System32\sechost.dll
0x00007ffbc7990000 - 0x00007ffbc7ab6000 	C:\Windows\System32\RPCRT4.dll
0x00007ffbc8580000 - 0x00007ffbc8588000 	C:\Windows\System32\PSAPI.DLL
0x00007ffbb8830000 - 0x00007ffbb8839000 	C:\Windows\SYSTEM32\WSOCK32.dll
0x00007ffbbfb50000 - 0x00007ffbbfb77000 	C:\Windows\SYSTEM32\WINMM.dll
0x00007ffbc0700000 - 0x00007ffbc070a000 	C:\Windows\SYSTEM32\VERSION.dll
0x00007ffbc92a0000 - 0x00007ffbc930b000 	C:\Windows\System32\WS2_32.dll
0x00007ffbc4e80000 - 0x00007ffbc4e92000 	C:\Windows\SYSTEM32\kernel.appcore.dll
0x00007ffbb9b40000 - 0x00007ffbb9b51000 	C:\Program Files\Android\Android Studio\jre\bin\verify.dll
0x00007ffbc0030000 - 0x00007ffbc0214000 	C:\Windows\SYSTEM32\DBGHELP.DLL
0x00007ffbbfe50000 - 0x00007ffbbfe84000 	C:\Windows\SYSTEM32\dbgcore.DLL
0x00007ffbc7270000 - 0x00007ffbc72f2000 	C:\Windows\System32\bcryptPrimitives.dll
0x00007ffbb2040000 - 0x00007ffbb2069000 	C:\Program Files\Android\Android Studio\jre\bin\java.dll
0x00007ffbc4680000 - 0x00007ffbc468b000 	C:\Program Files\Android\Android Studio\jre\bin\jimage.dll
0x00007ffbb9ac0000 - 0x00007ffbb9ad8000 	C:\Program Files\Android\Android Studio\jre\bin\zip.dll
0x00007ffbc7d80000 - 0x00007ffbc84c4000 	C:\Windows\System32\SHELL32.dll
0x00007ffbc5080000 - 0x00007ffbc5813000 	C:\Windows\SYSTEM32\windows.storage.dll
0x00007ffbc9370000 - 0x00007ffbc96c4000 	C:\Windows\System32\combase.dll
0x00007ffbc68f0000 - 0x00007ffbc691e000 	C:\Windows\SYSTEM32\Wldp.dll
0x00007ffbc84d0000 - 0x00007ffbc857d000 	C:\Windows\System32\SHCORE.dll
0x00007ffbc7c70000 - 0x00007ffbc7cc5000 	C:\Windows\System32\shlwapi.dll
0x00007ffbc6f30000 - 0x00007ffbc6f4f000 	C:\Windows\SYSTEM32\profapi.dll
0x00007ffbb65d0000 - 0x00007ffbb65ea000 	C:\Program Files\Android\Android Studio\jre\bin\net.dll
0x00007ffbc05f0000 - 0x00007ffbc06fa000 	C:\Windows\SYSTEM32\WINHTTP.dll
0x00007ffbc6660000 - 0x00007ffbc66ca000 	C:\Windows\system32\mswsock.dll
0x00007ffbb3a00000 - 0x00007ffbb3a14000 	C:\Program Files\Android\Android Studio\jre\bin\nio.dll
0x00007ffba1530000 - 0x00007ffba1557000 	C:\Users\Gabriel\.gradle\native\e1d6ef7f7dcc3fd88c89a11ec53ec762bb8ba0a96d01ffa2cd45eb1d1d8dd5c5\windows-amd64\native-platform.dll
0x00007ffb836d0000 - 0x00007ffb83814000 	C:\Users\Gabriel\.gradle\native\0d407fdbe67a94daf76414ababcb853783967236a71b16ec16e742cd7a986fd3\windows-amd64\native-platform-file-events.dll
0x00007ffbc2ac0000 - 0x00007ffbc2aca000 	C:\Program Files\Android\Android Studio\jre\bin\management.dll
0x00007ffbb9b30000 - 0x00007ffbb9b3d000 	C:\Program Files\Android\Android Studio\jre\bin\management_ext.dll
0x00007ffbc69a0000 - 0x00007ffbc69b8000 	C:\Windows\SYSTEM32\CRYPTSP.dll
0x00007ffbc5fa0000 - 0x00007ffbc5fd4000 	C:\Windows\system32\rsaenh.dll
0x00007ffbc7140000 - 0x00007ffbc7167000 	C:\Windows\System32\bcrypt.dll
0x00007ffbc6ef0000 - 0x00007ffbc6f1e000 	C:\Windows\SYSTEM32\USERENV.dll
0x00007ffbc6860000 - 0x00007ffbc686c000 	C:\Windows\SYSTEM32\CRYPTBASE.dll
0x00007ffbc6370000 - 0x00007ffbc63ac000 	C:\Windows\SYSTEM32\IPHLPAPI.DLL
0x00007ffbc97d0000 - 0x00007ffbc97d8000 	C:\Windows\System32\NSI.dll
0x00007ffbc1620000 - 0x00007ffbc1637000 	C:\Windows\SYSTEM32\dhcpcsvc6.DLL
0x00007ffbc1600000 - 0x00007ffbc161d000 	C:\Windows\SYSTEM32\dhcpcsvc.DLL
0x00007ffbc63b0000 - 0x00007ffbc647a000 	C:\Windows\SYSTEM32\DNSAPI.dll

dbghelp: loaded successfully - version: 4.0.5 - missing functions: none
symbol engine: initialized successfully - sym options: 0x614 - pdb path: .;C:\Program Files\Android\Android Studio\jre\bin;C:\Windows\SYSTEM32;C:\Windows\WinSxS\amd64_microsoft.windows.common-controls_6595b64144ccf1df_6.0.19041.1110_none_60b5254171f9507e;C:\Program Files\Android\Android Studio\jre\bin\server;C:\Users\Gabriel\.gradle\native\e1d6ef7f7dcc3fd88c89a11ec53ec762bb8ba0a96d01ffa2cd45eb1d1d8dd5c5\windows-amd64;C:\Users\Gabriel\.gradle\native\0d407fdbe67a94daf76414ababcb853783967236a71b16ec16e742cd7a986fd3\windows-amd64

VM Arguments:
jvm_args: --add-opens=java.base/java.util=ALL-UNNAMED --add-opens=java.base/java.lang=ALL-UNNAMED --add-opens=java.base/java.lang.invoke=ALL-UNNAMED --add-opens=java.base/java.util=ALL-UNNAMED --add-opens=java.prefs/java.util.prefs=ALL-UNNAMED --add-opens=java.prefs/java.util.prefs=ALL-UNNAMED --add-opens=java.base/java.nio.charset=ALL-UNNAMED --add-opens=java.base/java.net=ALL-UNNAMED --add-opens=java.base/java.util.concurrent.atomic=ALL-UNNAMED -Xmx2048m -Dfile.encoding=UTF-8 -Duser.country=419 -Duser.language=es -Duser.variant 
java_command: org.gradle.launcher.daemon.bootstrap.GradleDaemon 7.4
java_class_path (initial): C:\Users\Gabriel\.gradle\wrapper\dists\gradle-7.4-bin\c0gwcg53nkjbqw7r0h0umtfvt\gradle-7.4\lib\gradle-launcher-7.4.jar
Launcher Type: SUN_STANDARD

[Global flags]
     intx CICompilerCount                          = 4                                         {product} {ergonomic}
     uint ConcGCThreads                            = 2                                         {product} {ergonomic}
     uint G1ConcRefinementThreads                  = 8                                         {product} {ergonomic}
   size_t G1HeapRegionSize                         = 1048576                                   {product} {ergonomic}
    uintx GCDrainStackTargetSize                   = 64                                        {product} {ergonomic}
   size_t InitialHeapSize                          = 268435456                                 {product} {ergonomic}
   size_t MarkStackSize                            = 4194304                                   {product} {ergonomic}
   size_t MaxHeapSize                              = 2147483648                                {product} {command line}
   size_t MaxNewSize                               = 1287651328                                {product} {ergonomic}
   size_t MinHeapDeltaBytes                        = 1048576                                   {product} {ergonomic}
    uintx NonNMethodCodeHeapSize                   = 5836300                                {pd product} {ergonomic}
    uintx NonProfiledCodeHeapSize                  = 122910970                              {pd product} {ergonomic}
    uintx ProfiledCodeHeapSize                     = 122910970                              {pd product} {ergonomic}
    uintx ReservedCodeCacheSize                    = 251658240                              {pd product} {ergonomic}
     bool SegmentedCodeCache                       = true                                      {product} {ergonomic}
     bool UseCompressedClassPointers               = true                                 {lp64_product} {ergonomic}
     bool UseCompressedOops                        = true                                 {lp64_product} {ergonomic}
     bool UseG1GC                                  = true                                      {product} {ergonomic}
     bool UseLargePagesIndividualAllocation        = false                                  {pd product} {ergonomic}

Logging:
Log output configuration:
 #0: stdout all=warning uptime,level,tags
 #1: stderr all=off uptime,level,tags

Environment Variables:
JAVA_HOME=C:\jdk-19.0.1
PATH=C:\Program Files\Common Files\Oracle\Java\javapath;C:\Program Files (x86)\Common Files\Oracle\Java\javapath;C:\Windows\system32;C:\Windows;C:\Windows\System32\Wbem;C:\Windows\System32\WindowsPowerShell\v1.0\;C:\Windows\System32\OpenSSH\;C:\Program Files\Git\cmd;C:\ProgramData\ComposerSetup\bin;C:\Program Files\nodejs\;C:\Program Files\Microsoft SQL Server\Client SDK\ODBC\170\Tools\Binn\;C:\Program Files (x86)\Microsoft SQL Server\150\Tools\Binn\;C:\Program Files\Microsoft SQL Server\150\Tools\Binn\;C:\Program Files\Microsoft SQL Server\150\DTS\Binn\;C:\Program Files (x86)\Microsoft SQL Server\150\DTS\Binn\;C:\Program Files\Azure Data Studio\bin;C:\Program Files\dotnet\;C:\Program Files\Microsoft SQL Server\130\Tools\Binn\;C:\xampp2\php;C:\Program Files\PuTTY\;C:\xampp\mysql\bin;C:\maven\bin;C:\jdk-19.0.1\bin;C:\Program Files\Go\bin;C:\ProgramData\chocolatey\bin;;C:\Program Files\Docker\Docker\resources\bin;C:\Users\Gabriel\AppData\Local\Programs\Python\Python310\Scripts\;C:\Users\Gabriel\AppData\Local\Programs\Python\Python310\;C:\Users\Gabriel\AppData\Local\Microsoft\WindowsApps;C:\Users\Gabriel\AppData\Local\Programs\Microsoft VS Code\bin;C:\xampp\php;C:\Users\Gabriel\AppData\Roaming\Composer\vendor\bin;C:\Users\Gabriel\AppData\Roaming\npm;C:\Program Files\Azure Data Studio\bin;C:\Users\Gabriel\.dotnet\tools;C:\DBSQLite\sqlite-tools-win32-x86-3390000;C:\Users\Gabriel\go\bin;C:\tools\neovim\nvim-win64\bin;
USERNAME=Gabriel
OS=Windows_NT
PROCESSOR_IDENTIFIER=Intel64 Family 6 Model 165 Stepping 3, GenuineIntel



---------------  S Y S T E M  ---------------

OS: Windows 10 , 64 bit Build 19041 (10.0.19041.3031)
OS uptime: 2 days 14:05 hours
Hyper-V role detected

CPU:total 8 (initial active 8) (4 cores per cpu, 2 threads per core) family 6 model 165 stepping 3 microcode 0xcc, cmov, cx8, fxsr, mmx, sse, sse2, sse3, ssse3, sse4.1, sse4.2, popcnt, avx, avx2, aes, clmul, erms, 3dnowpref, lzcnt, ht, tsc, tscinvbit, bmi1, bmi2, adx, fma

Memory: 4k page, system-wide physical 16290M (460M free)
TotalPageFile size 35015M (AvailPageFile size 1567M)
current process WorkingSet (physical memory assigned to process): 440M, peak: 440M
current process commit charge ("private bytes"): 516M, peak: 516M

vm_info: OpenJDK 64-Bit Server VM (11.0.13+0-b1751.21-8125866) for windows-amd64 JRE (11.0.13+0-b1751.21-8125866), built on Feb  2 2022 03:00:22 by "builder" with MS VC++ 14.0 (VS2015)

END.
